{"created": 1660737779.3967664, "duration": 0.12816309928894043, "exitcode": 1, "root": "C:\\Users\\jeonghun\\Section3\\ds-sa-docker", "environment": {"Python": "3.8.13", "Platform": "Windows-10-10.0.19043-SP0", "Packages": {"pytest": "7.1.2", "py": "1.10.0", "pluggy": "0.13.1"}, "Plugins": {"json-report": "1.5.0", "metadata": "2.0.2", "submit": "1.3.3"}}, "summary": {"passed": 3, "failed": 1, "total": 4, "collected": 4}, "collectors": [{"nodeid": "", "outcome": "passed", "result": [{"nodeid": "tests/__init__.py", "type": "Package"}]}, {"nodeid": "tests/__init__.py", "outcome": "passed", "result": []}, {"nodeid": "tests/Hash.py", "outcome": "passed", "result": []}, {"nodeid": "tests/Part1.py", "outcome": "passed", "result": [{"nodeid": "tests/Part1.py::test_part1_1", "type": "Function", "lineno": 6}, {"nodeid": "tests/Part1.py::test_part1_2", "type": "Function", "lineno": 9}, {"nodeid": "tests/Part1.py::test_part1_3", "type": "Function", "lineno": 12}]}, {"nodeid": "tests/Part2.py", "outcome": "passed", "result": [{"nodeid": "tests/Part2.py::test_part2", "type": "Function", "lineno": 5}]}, {"nodeid": "tests/__init__.py", "outcome": "passed", "result": [{"nodeid": "tests/__init__.py", "type": "Module"}, {"nodeid": "tests/Hash.py", "type": "Module"}, {"nodeid": "tests/Part1.py", "type": "Module"}, {"nodeid": "tests/Part2.py", "type": "Module"}]}], "tests": [{"nodeid": "tests/Part1.py::test_part1_1", "lineno": 6, "outcome": "passed", "keywords": ["test_part1_1", "Part1.py", "tests/__init__.py", "ds-sa-docker"], "setup": {"duration": 0.000989500000000032, "outcome": "passed"}, "call": {"duration": 0.0003867000000000176, "outcome": "passed"}, "teardown": {"duration": 0.00031729999999996483, "outcome": "passed"}}, {"nodeid": "tests/Part1.py::test_part1_2", "lineno": 9, "outcome": "passed", "keywords": ["test_part1_2", "Part1.py", "tests/__init__.py", "ds-sa-docker"], "setup": {"duration": 0.00028770000000000184, "outcome": "passed"}, "call": {"duration": 0.00023329999999999185, "outcome": "passed"}, "teardown": {"duration": 0.0002347000000000321, "outcome": "passed"}}, {"nodeid": "tests/Part1.py::test_part1_3", "lineno": 12, "outcome": "passed", "keywords": ["test_part1_3", "Part1.py", "tests/__init__.py", "ds-sa-docker"], "setup": {"duration": 0.0002354999999999996, "outcome": "passed"}, "call": {"duration": 0.00038409999999999833, "outcome": "passed"}, "teardown": {"duration": 0.00039439999999996145, "outcome": "passed"}}, {"nodeid": "tests/Part2.py::test_part2", "lineno": 5, "outcome": "failed", "keywords": ["test_part2", "Part2.py", "tests/__init__.py", "ds-sa-docker"], "setup": {"duration": 0.00027529999999997834, "outcome": "passed"}, "call": {"duration": 0.0033855999999999886, "outcome": "failed", "crash": {"path": "C:\\Users\\jeonghun\\Section3\\ds-sa-docker\\tests\\Part2.py", "lineno": 7, "message": "AssertionError: assert '637f6e726ac7...86ef956bd75e8' == 'beeda7b804aa...e63fe0e93d1d2'\n  - beeda7b804aa9accd61e63fe0e93d1d2\n  + 637f6e726ac7d52d72886ef956bd75e8"}, "traceback": [{"path": "tests\\Part2.py", "lineno": 7, "message": "AssertionError"}], "longrepr": "def test_part2():\n>       assert Hash.md5_hash(Part2.n331_part2()) == 'beeda7b804aa9accd61e63fe0e93d1d2'\nE       AssertionError: assert '637f6e726ac7...86ef956bd75e8' == 'beeda7b804aa...e63fe0e93d1d2'\nE         - beeda7b804aa9accd61e63fe0e93d1d2\nE         + 637f6e726ac7d52d72886ef956bd75e8\n\ntests\\Part2.py:7: AssertionError"}, "teardown": {"duration": 0.00029409999999996383, "outcome": "passed"}}]}