{"created": 1660046123.1837106, "duration": 0.5852670669555664, "exitcode": 1, "root": "C:\\Users\\jeonghun\\Section3\\ds-sa-pyfriend", "environment": {"Python": "3.8.13", "Platform": "Windows-10-10.0.19043-SP0", "Packages": {"pytest": "6.2.2", "py": "1.10.0", "pluggy": "0.13.1"}, "Plugins": {"json-report": "1.5.0", "metadata": "2.0.2", "submit": "1.3.3"}}, "summary": {"passed": 36, "failed": 38, "total": 74, "collected": 74}, "collectors": [{"nodeid": "", "outcome": "passed", "result": [{"nodeid": "tests/conftest.py", "type": "Module"}, {"nodeid": "tests/Part_1/__init__.py", "type": "Package"}, {"nodeid": "tests/Part_2/__init__.py", "type": "Package"}]}, {"nodeid": "tests/conftest.py", "outcome": "passed", "result": []}, {"nodeid": "tests/Part_1/__init__.py", "outcome": "passed", "result": []}, {"nodeid": "tests/Part_1/Part_1.py::PythonBooleans", "outcome": "passed", "result": [{"nodeid": "tests/Part_1/Part_1.py::PythonBooleans::test_about_blank_strings", "type": "TestCaseFunction", "lineno": 88}, {"nodeid": "tests/Part_1/Part_1.py::PythonBooleans::test_about_empty_collections", "type": "TestCaseFunction", "lineno": 78}, {"nodeid": "tests/Part_1/Part_1.py::PythonBooleans::test_about_false", "type": "TestCaseFunction", "lineno": 66}, {"nodeid": "tests/Part_1/Part_1.py::PythonBooleans::test_about_none", "type": "TestCaseFunction", "lineno": 69}, {"nodeid": "tests/Part_1/Part_1.py::PythonBooleans::test_about_others", "type": "TestCaseFunction", "lineno": 91}, {"nodeid": "tests/Part_1/Part_1.py::PythonBooleans::test_about_true", "type": "TestCaseFunction", "lineno": 60}, {"nodeid": "tests/Part_1/Part_1.py::PythonBooleans::test_about_zero", "type": "TestCaseFunction", "lineno": 75}]}, {"nodeid": "tests/Part_1/Part_1.py::PythonStrings", "outcome": "passed", "result": [{"nodeid": "tests/Part_1/Part_1.py::PythonStrings::test_about_backslashes_1", "type": "TestCaseFunction", "lineno": 165}, {"nodeid": "tests/Part_1/Part_1.py::PythonStrings::test_about_backslashes_2", "type": "TestCaseFunction", "lineno": 173}, {"nodeid": "tests/Part_1/Part_1.py::PythonStrings::test_about_double_quoted_strings", "type": "TestCaseFunction", "lineno": 122}, {"nodeid": "tests/Part_1/Part_1.py::PythonStrings::test_about_escape_characters", "type": "TestCaseFunction", "lineno": 230}, {"nodeid": "tests/Part_1/Part_1.py::PythonStrings::test_about_plus_signs_1", "type": "TestCaseFunction", "lineno": 217}, {"nodeid": "tests/Part_1/Part_1.py::PythonStrings::test_about_plus_signs_2", "type": "TestCaseFunction", "lineno": 223}, {"nodeid": "tests/Part_1/Part_1.py::PythonStrings::test_about_raw_strings", "type": "TestCaseFunction", "lineno": 148}, {"nodeid": "tests/Part_1/Part_1.py::PythonStrings::test_about_single_and_double_quotes_1", "type": "TestCaseFunction", "lineno": 157}, {"nodeid": "tests/Part_1/Part_1.py::PythonStrings::test_about_single_and_double_quotes_2", "type": "TestCaseFunction", "lineno": 161}, {"nodeid": "tests/Part_1/Part_1.py::PythonStrings::test_about_single_quoted_strings", "type": "TestCaseFunction", "lineno": 130}, {"nodeid": "tests/Part_1/Part_1.py::PythonStrings::test_about_string_concatenation_1", "type": "TestCaseFunction", "lineno": 204}, {"nodeid": "tests/Part_1/Part_1.py::PythonStrings::test_about_string_concatenation_2", "type": "TestCaseFunction", "lineno": 208}, {"nodeid": "tests/Part_1/Part_1.py::PythonStrings::test_about_triple_quote_strings", "type": "TestCaseFunction", "lineno": 137}, {"nodeid": "tests/Part_1/Part_1.py::PythonStrings::test_about_triple_quoted_strings_1", "type": "TestCaseFunction", "lineno": 182}, {"nodeid": "tests/Part_1/Part_1.py::PythonStrings::test_about_triple_quoted_strings_2", "type": "TestCaseFunction", "lineno": 194}, {"nodeid": "tests/Part_1/Part_1.py::PythonStrings::test_about_triple_single_quotes", "type": "TestCaseFunction", "lineno": 144}]}, {"nodeid": "tests/Part_1/Part_1.py::PythonLists", "outcome": "passed", "result": [{"nodeid": "tests/Part_1/Part_1.py::PythonLists::test_about_insert", "type": "TestCaseFunction", "lineno": 354}, {"nodeid": "tests/Part_1/Part_1.py::PythonLists::test_about_list_and_ranges_1", "type": "TestCaseFunction", "lineno": 326}, {"nodeid": "tests/Part_1/Part_1.py::PythonLists::test_about_list_and_ranges_2", "type": "TestCaseFunction", "lineno": 340}, {"nodeid": "tests/Part_1/Part_1.py::PythonLists::test_about_list_creation", "type": "TestCaseFunction", "lineno": 257}, {"nodeid": "tests/Part_1/Part_1.py::PythonLists::test_about_list_elements", "type": "TestCaseFunction", "lineno": 287}, {"nodeid": "tests/Part_1/Part_1.py::PythonLists::test_about_list_literals", "type": "TestCaseFunction", "lineno": 268}, {"nodeid": "tests/Part_1/Part_1.py::PythonLists::test_about_pop", "type": "TestCaseFunction", "lineno": 367}, {"nodeid": "tests/Part_1/Part_1.py::PythonLists::test_about_slicing_lists_1", "type": "TestCaseFunction", "lineno": 303}, {"nodeid": "tests/Part_1/Part_1.py::PythonLists::test_about_slicing_lists_2", "type": "TestCaseFunction", "lineno": 320}]}, {"nodeid": "tests/Part_1/Part_1.py::PythonDictionaries", "outcome": "passed", "result": [{"nodeid": "tests/Part_1/Part_1.py::PythonDictionaries::test_about_accessing_dictionaries", "type": "TestCaseFunction", "lineno": 418}, {"nodeid": "tests/Part_1/Part_1.py::PythonDictionaries::test_about_changing_dictionaries", "type": "TestCaseFunction", "lineno": 428}, {"nodeid": "tests/Part_1/Part_1.py::PythonDictionaries::test_about_dictionary_creation", "type": "TestCaseFunction", "lineno": 399}, {"nodeid": "tests/Part_1/Part_1.py::PythonDictionaries::test_about_dictionary_literals", "type": "TestCaseFunction", "lineno": 411}, {"nodeid": "tests/Part_1/Part_1.py::PythonDictionaries::test_about_dictionary_order", "type": "TestCaseFunction", "lineno": 441}, {"nodeid": "tests/Part_1/Part_1.py::PythonDictionaries::test_about_keys_and_values", "type": "TestCaseFunction", "lineno": 454}]}, {"nodeid": "tests/Part_1/Part_1.py::TestCase", "outcome": "passed", "result": []}, {"nodeid": "tests/Part_1/Part_1.py", "outcome": "passed", "result": [{"nodeid": "tests/Part_1/Part_1.py::PythonBooleans", "type": "UnitTestCase"}, {"nodeid": "tests/Part_1/Part_1.py::PythonStrings", "type": "UnitTestCase"}, {"nodeid": "tests/Part_1/Part_1.py::PythonLists", "type": "UnitTestCase"}, {"nodeid": "tests/Part_1/Part_1.py::PythonDictionaries", "type": "UnitTestCase"}, {"nodeid": "tests/Part_1/Part_1.py::TestCase", "type": "UnitTestCase"}]}, {"nodeid": "tests/Part_1/__init__.py", "outcome": "passed", "result": [{"nodeid": "tests/Part_1/__init__.py", "type": "Module"}, {"nodeid": "tests/Part_1/Part_1.py", "type": "Module"}]}, {"nodeid": "tests/Part_2/__init__.py", "outcome": "passed", "result": []}, {"nodeid": "tests/Part_2/Part_2.py::PythonClasses", "outcome": "passed", "result": [{"nodeid": "tests/Part_2/Part_2.py::PythonClasses::test_about_class_docstrings", "type": "TestCaseFunction", "lineno": 43}, {"nodeid": "tests/Part_2/Part_2.py::PythonClasses::test_about_class_property", "type": "TestCaseFunction", "lineno": 121}, {"nodeid": "tests/Part_2/Part_2.py::PythonClasses::test_about_decorators", "type": "TestCaseFunction", "lineno": 159}, {"nodeid": "tests/Part_2/Part_2.py::PythonClasses::test_about_getattr_and_dict", "type": "TestCaseFunction", "lineno": 86}, {"nodeid": "tests/Part_2/Part_2.py::PythonClasses::test_about_init_and_instance", "type": "TestCaseFunction", "lineno": 194}, {"nodeid": "tests/Part_2/Part_2.py::PythonClasses::test_about_init_args", "type": "TestCaseFunction", "lineno": 209}, {"nodeid": "tests/Part_2/Part_2.py::PythonClasses::test_about_init_constructor", "type": "TestCaseFunction", "lineno": 64}, {"nodeid": "tests/Part_2/Part_2.py::PythonClasses::test_about_instance_creation", "type": "TestCaseFunction", "lineno": 31}, {"nodeid": "tests/Part_2/Part_2.py::PythonClasses::test_about_instance_variables", "type": "TestCaseFunction", "lineno": 226}, {"nodeid": "tests/Part_2/Part_2.py::PythonClasses::test_about_objects_str_and_repr", "type": "TestCaseFunction", "lineno": 304}, {"nodeid": "tests/Part_2/Part_2.py::PythonClasses::test_about_private_attributes", "type": "TestCaseFunction", "lineno": 76}, {"nodeid": "tests/Part_2/Part_2.py::PythonClasses::test_about_repr_method", "type": "TestCaseFunction", "lineno": 290}, {"nodeid": "tests/Part_2/Part_2.py::PythonClasses::test_about_self_reference", "type": "TestCaseFunction", "lineno": 262}, {"nodeid": "tests/Part_2/Part_2.py::PythonClasses::test_about_str_method", "type": "TestCaseFunction", "lineno": 274}]}, {"nodeid": "tests/Part_2/Part_2.py::PythonClassAttributes", "outcome": "passed", "result": [{"nodeid": "tests/Part_2/Part_2.py::PythonClassAttributes::test_about_class_and_objects", "type": "TestCaseFunction", "lineno": 345}, {"nodeid": "tests/Part_2/Part_2.py::PythonClassAttributes::test_about_class_and_types", "type": "TestCaseFunction", "lineno": 338}, {"nodeid": "tests/Part_2/Part_2.py::PythonClassAttributes::test_about_class_methods", "type": "TestCaseFunction", "lineno": 365}, {"nodeid": "tests/Part_2/Part_2.py::PythonClassAttributes::test_about_individual_object_attributes", "type": "TestCaseFunction", "lineno": 368}, {"nodeid": "tests/Part_2/Part_2.py::PythonClassAttributes::test_about_individual_object_functions_1", "type": "TestCaseFunction", "lineno": 374}, {"nodeid": "tests/Part_2/Part_2.py::PythonClassAttributes::test_about_individual_object_functions_2", "type": "TestCaseFunction", "lineno": 380}, {"nodeid": "tests/Part_2/Part_2.py::PythonClassAttributes::test_about_object_methods", "type": "TestCaseFunction", "lineno": 353}, {"nodeid": "tests/Part_2/Part_2.py::PythonClassAttributes::test_about_objects", "type": "TestCaseFunction", "lineno": 329}]}, {"nodeid": "tests/Part_2/Part_2.py::PythonInheritance", "outcome": "passed", "result": [{"nodeid": "tests/Part_2/Part_2.py::PythonInheritance::test_about_behavior_inheritance", "type": "TestCaseFunction", "lineno": 440}, {"nodeid": "tests/Part_2/Part_2.py::PythonInheritance::test_about_explicit_init_call", "type": "TestCaseFunction", "lineno": 524}, {"nodeid": "tests/Part_2/Part_2.py::PythonInheritance::test_about_init_is_not_automatic", "type": "TestCaseFunction", "lineno": 506}, {"nodeid": "tests/Part_2/Part_2.py::PythonInheritance::test_about_python3_object_class", "type": "TestCaseFunction", "lineno": 437}, {"nodeid": "tests/Part_2/Part_2.py::PythonInheritance::test_about_subclass_ancestors", "type": "TestCaseFunction", "lineno": 425}, {"nodeid": "tests/Part_2/Part_2.py::PythonInheritance::test_about_subclass_behavior_modification", "type": "TestCaseFunction", "lineno": 457}, {"nodeid": "tests/Part_2/Part_2.py::PythonInheritance::test_about_subclass_new_behaviors", "type": "TestCaseFunction", "lineno": 444}, {"nodeid": "tests/Part_2/Part_2.py::PythonInheritance::test_about_super", "type": "TestCaseFunction", "lineno": 477}, {"nodeid": "tests/Part_2/Part_2.py::PythonInheritance::test_super_works_across_methods", "type": "TestCaseFunction", "lineno": 492}]}, {"nodeid": "tests/Part_2/Part_2.py::PythonExceptions", "outcome": "passed", "result": [{"nodeid": "tests/Part_2/Part_2.py::PythonExceptions::test_about_else_clause", "type": "TestCaseFunction", "lineno": 613}, {"nodeid": "tests/Part_2/Part_2.py::PythonExceptions::test_about_exception_inheritance", "type": "TestCaseFunction", "lineno": 551}, {"nodeid": "tests/Part_2/Part_2.py::PythonExceptions::test_about_finally_clause", "type": "TestCaseFunction", "lineno": 632}, {"nodeid": "tests/Part_2/Part_2.py::PythonExceptions::test_about_raising_specific_error", "type": "TestCaseFunction", "lineno": 594}, {"nodeid": "tests/Part_2/Part_2.py::PythonExceptions::test_about_try_clause", "type": "TestCaseFunction", "lineno": 565}]}, {"nodeid": "tests/Part_2/Part_2.py::TestCase", "outcome": "passed", "result": []}, {"nodeid": "tests/Part_2/Part_2.py", "outcome": "passed", "result": [{"nodeid": "tests/Part_2/Part_2.py::PythonClasses", "type": "UnitTestCase"}, {"nodeid": "tests/Part_2/Part_2.py::PythonClassAttributes", "type": "UnitTestCase"}, {"nodeid": "tests/Part_2/Part_2.py::PythonInheritance", "type": "UnitTestCase"}, {"nodeid": "tests/Part_2/Part_2.py::PythonExceptions", "type": "UnitTestCase"}, {"nodeid": "tests/Part_2/Part_2.py::TestCase", "type": "UnitTestCase"}]}, {"nodeid": "tests/Part_2/__init__.py", "outcome": "passed", "result": [{"nodeid": "tests/Part_2/__init__.py", "type": "Module"}, {"nodeid": "tests/Part_2/Part_2.py", "type": "Module"}]}], "tests": [{"nodeid": "tests/Part_1/Part_1.py::PythonBooleans::test_about_blank_strings", "lineno": 88, "outcome": "passed", "keywords": ["tests/Part_1/__init__.py", "Part_1.py", "test_about_blank_strings", "PythonBooleans", "ds-sa-pyfriend"], "setup": {"duration": 0.0009712000000000609, "outcome": "passed", "stdout": "\n        -------------------------------------\n        Setting up...\n        -------------------------------------\n        \n"}, "call": {"duration": 0.00023680000000003698, "outcome": "passed"}, "teardown": {"duration": 0.00020330000000001736, "outcome": "passed"}}, {"nodeid": "tests/Part_1/Part_1.py::PythonBooleans::test_about_empty_collections", "lineno": 78, "outcome": "passed", "keywords": ["tests/Part_1/__init__.py", "Part_1.py", "PythonBooleans", "test_about_empty_collections", "ds-sa-pyfriend"], "setup": {"duration": 0.00026649999999994733, "outcome": "passed"}, "call": {"duration": 0.0002151000000000236, "outcome": "passed"}, "teardown": {"duration": 0.00019360000000001598, "outcome": "passed"}}, {"nodeid": "tests/Part_1/Part_1.py::PythonBooleans::test_about_false", "lineno": 66, "outcome": "passed", "keywords": ["tests/Part_1/__init__.py", "Part_1.py", "PythonBooleans", "test_about_false", "ds-sa-pyfriend"], "setup": {"duration": 0.000251200000000007, "outcome": "passed"}, "call": {"duration": 0.00021249999999994884, "outcome": "passed"}, "teardown": {"duration": 0.00033290000000008035, "outcome": "passed"}}, {"nodeid": "tests/Part_1/Part_1.py::PythonBooleans::test_about_none", "lineno": 69, "outcome": "passed", "keywords": ["test_about_none", "tests/Part_1/__init__.py", "Part_1.py", "PythonBooleans", "ds-sa-pyfriend"], "setup": {"duration": 0.0002805999999999642, "outcome": "passed"}, "call": {"duration": 0.0002166999999999586, "outcome": "passed"}, "teardown": {"duration": 0.0002002999999999311, "outcome": "passed"}}, {"nodeid": "tests/Part_1/Part_1.py::PythonBooleans::test_about_others", "lineno": 91, "outcome": "passed", "keywords": ["tests/Part_1/__init__.py", "Part_1.py", "PythonBooleans", "test_about_others", "ds-sa-pyfriend"], "setup": {"duration": 0.00023899999999998922, "outcome": "passed"}, "call": {"duration": 0.0002518999999999716, "outcome": "passed"}, "teardown": {"duration": 0.00022910000000009312, "outcome": "passed"}}, {"nodeid": "tests/Part_1/Part_1.py::PythonBooleans::test_about_true", "lineno": 60, "outcome": "passed", "keywords": ["tests/Part_1/__init__.py", "test_about_true", "Part_1.py", "PythonBooleans", "ds-sa-pyfriend"], "setup": {"duration": 0.00026209999999993183, "outcome": "passed"}, "call": {"duration": 0.00021689999999996434, "outcome": "passed"}, "teardown": {"duration": 0.00019770000000007837, "outcome": "passed"}}, {"nodeid": "tests/Part_1/Part_1.py::PythonBooleans::test_about_zero", "lineno": 75, "outcome": "passed", "keywords": ["tests/Part_1/__init__.py", "Part_1.py", "PythonBooleans", "test_about_zero", "ds-sa-pyfriend"], "setup": {"duration": 0.0002622999999999376, "outcome": "passed"}, "call": {"duration": 0.00019959999999996647, "outcome": "passed"}, "teardown": {"duration": 0.0003045999999999882, "outcome": "passed"}}, {"nodeid": "tests/Part_1/Part_1.py::PythonStrings::test_about_backslashes_1", "lineno": 165, "outcome": "passed", "keywords": ["tests/Part_1/__init__.py", "Part_1.py", "test_about_backslashes_1", "PythonStrings", "ds-sa-pyfriend"], "setup": {"duration": 0.0003237999999999852, "outcome": "passed"}, "call": {"duration": 0.00022050000000006786, "outcome": "passed"}, "teardown": {"duration": 0.0002043000000000461, "outcome": "passed"}}, {"nodeid": "tests/Part_1/Part_1.py::PythonStrings::test_about_backslashes_2", "lineno": 173, "outcome": "passed", "keywords": ["tests/Part_1/__init__.py", "test_about_backslashes_2", "Part_1.py", "PythonStrings", "ds-sa-pyfriend"], "setup": {"duration": 0.00031999999999998696, "outcome": "passed"}, "call": {"duration": 0.00021690000000007537, "outcome": "passed"}, "teardown": {"duration": 0.00019800000000003148, "outcome": "passed"}}, {"nodeid": "tests/Part_1/Part_1.py::PythonStrings::test_about_double_quoted_strings", "lineno": 122, "outcome": "passed", "keywords": ["tests/Part_1/__init__.py", "Part_1.py", "PythonStrings", "test_about_double_quoted_strings", "ds-sa-pyfriend"], "setup": {"duration": 0.00024340000000000472, "outcome": "passed"}, "call": {"duration": 0.00019799999999992046, "outcome": "passed"}, "teardown": {"duration": 0.00033640000000001447, "outcome": "passed"}}, {"nodeid": "tests/Part_1/Part_1.py::PythonStrings::test_about_escape_characters", "lineno": 230, "outcome": "failed", "keywords": ["tests/Part_1/__init__.py", "Part_1.py", "PythonStrings", "test_about_escape_characters", "ds-sa-pyfriend"], "setup": {"duration": 0.000300800000000101, "outcome": "passed"}, "call": {"duration": 0.0012102999999999975, "outcome": "failed", "crash": {"path": "C:\\Users\\jeonghun\\Section3\\ds-sa-pyfriend\\src\\Part_1.py", "lineno": 242, "message": "AssertionError: assert '\\n        ' == '\\n'\n  Strings contain only whitespace, escaping them using repr()\n  - '\\n'\n  + '\\n        '"}, "traceback": [{"path": "src\\Part_1.py", "lineno": 242, "message": "AssertionError"}], "longrepr": "self = <src.Part_1.PythonStrings testMethod=test_about_escape_characters>\n\n    def test_about_escape_characters(self):\n        \"\"\"\n        \ub2e4\uc74c \ucf54\ub4dc\uc5d0\uc11c `string` \uc744 \ud45c\ud604\ud560 \uc218 \uc788\ub294 \ub450 \uac00\uc9c0 \ubc29\ubc95\uc744 \uc0dd\uac01\ud574\ubcf4\uc138\uc694!\n    \n        \uc5b4\ub5bb\uac8c \ud558\uba74 \"\\n\" \uacfc \uac19\uc740 \ubb38\uc790\uc5f4\uc744 \ub2e4\ub974\uac8c \ub098\ud0c0\ub0bc \uc218 \uc788\uc744\uae4c\uc694?\n    \n        \ub9c8\uc9c0\ub9c9\uc73c\ub85c `string` \uc758 \uae38\uc774\ub97c \ud655\uc778\ud574\ubd05\ub2c8\ub2e4.\n        \uc774\uc640 \uac19\uc740 \ub2e4\ub978 \ud2b9\uc218\ubb38\uc790\ub4e4\ub3c4 \ud55c\ubc88 \ud655\uc778\ud574\ubcf4\uc138\uc694!\n        \"\"\"\n        string = \"\\n\"\n        assert \"\\n\" == string\n>       assert \"\"\"\n        \"\"\" == string\nE       AssertionError: assert '\\n        ' == '\\n'\nE         Strings contain only whitespace, escaping them using repr()\nE         - '\\n'\nE         + '\\n        '\n\nsrc\\Part_1.py:242: AssertionError"}, "teardown": {"duration": 0.00026249999999994333, "outcome": "passed"}}, {"nodeid": "tests/Part_1/Part_1.py::PythonStrings::test_about_plus_signs_1", "lineno": 217, "outcome": "passed", "keywords": ["tests/Part_1/__init__.py", "Part_1.py", "test_about_plus_signs_1", "PythonStrings", "ds-sa-pyfriend"], "setup": {"duration": 0.00026769999999998184, "outcome": "passed"}, "call": {"duration": 0.0002177999999999347, "outcome": "passed"}, "teardown": {"duration": 0.00019100000000005224, "outcome": "passed"}}, {"nodeid": "tests/Part_1/Part_1.py::PythonStrings::test_about_plus_signs_2", "lineno": 223, "outcome": "failed", "keywords": ["test_about_plus_signs_2", "tests/Part_1/__init__.py", "Part_1.py", "PythonStrings", "ds-sa-pyfriend"], "setup": {"duration": 0.00033050000000001134, "outcome": "passed"}, "call": {"duration": 0.0004062000000000232, "outcome": "failed", "crash": {"path": "C:\\Users\\jeonghun\\Section3\\ds-sa-pyfriend\\src\\Part_1.py", "lineno": 229, "message": "AssertionError: assert 'Hello, world' == 'Hello, '\n  - Hello, \n  + Hello, world"}, "traceback": [{"path": "src\\Part_1.py", "lineno": 229, "message": "AssertionError"}], "longrepr": "self = <src.Part_1.PythonStrings testMethod=test_about_plus_signs_2>\n\n    def test_about_plus_signs_2(self):\n        original = \"Hello, \"\n        hi = original\n        there = \"world\"\n        hi += there\n>       assert \"Hello, world\" == original\nE       AssertionError: assert 'Hello, world' == 'Hello, '\nE         - Hello, \nE         + Hello, world\n\nsrc\\Part_1.py:229: AssertionError"}, "teardown": {"duration": 0.00028169999999994033, "outcome": "passed"}}, {"nodeid": "tests/Part_1/Part_1.py::PythonStrings::test_about_raw_strings", "lineno": 148, "outcome": "passed", "keywords": ["test_about_raw_strings", "tests/Part_1/__init__.py", "Part_1.py", "PythonStrings", "ds-sa-pyfriend"], "setup": {"duration": 0.0003534000000000592, "outcome": "passed"}, "call": {"duration": 0.00022850000000007586, "outcome": "passed"}, "teardown": {"duration": 0.00026529999999991283, "outcome": "passed"}}, {"nodeid": "tests/Part_1/Part_1.py::PythonStrings::test_about_single_and_double_quotes_1", "lineno": 157, "outcome": "passed", "keywords": ["tests/Part_1/__init__.py", "Part_1.py", "test_about_single_and_double_quotes_1", "PythonStrings", "ds-sa-pyfriend"], "setup": {"duration": 0.0002906999999999771, "outcome": "passed"}, "call": {"duration": 0.00020969999999997935, "outcome": "passed"}, "teardown": {"duration": 0.0002078999999999276, "outcome": "passed"}}, {"nodeid": "tests/Part_1/Part_1.py::PythonStrings::test_about_single_and_double_quotes_2", "lineno": 161, "outcome": "passed", "keywords": ["test_about_single_and_double_quotes_2", "tests/Part_1/__init__.py", "Part_1.py", "PythonStrings", "ds-sa-pyfriend"], "setup": {"duration": 0.0002634999999999721, "outcome": "passed"}, "call": {"duration": 0.00021060000000006074, "outcome": "passed"}, "teardown": {"duration": 0.00022400000000000198, "outcome": "passed"}}, {"nodeid": "tests/Part_1/Part_1.py::PythonStrings::test_about_single_quoted_strings", "lineno": 130, "outcome": "passed", "keywords": ["test_about_single_quoted_strings", "tests/Part_1/__init__.py", "Part_1.py", "PythonStrings", "ds-sa-pyfriend"], "setup": {"duration": 0.0002562999999999871, "outcome": "passed"}, "call": {"duration": 0.00020719999999996297, "outcome": "passed"}, "teardown": {"duration": 0.0001962999999999271, "outcome": "passed"}}, {"nodeid": "tests/Part_1/Part_1.py::PythonStrings::test_about_string_concatenation_1", "lineno": 204, "outcome": "passed", "keywords": ["tests/Part_1/__init__.py", "Part_1.py", "test_about_string_concatenation_1", "PythonStrings", "ds-sa-pyfriend"], "setup": {"duration": 0.0002499000000000251, "outcome": "passed"}, "call": {"duration": 0.0002163000000000581, "outcome": "passed"}, "teardown": {"duration": 0.0002203000000000621, "outcome": "passed"}}, {"nodeid": "tests/Part_1/Part_1.py::PythonStrings::test_about_string_concatenation_2", "lineno": 208, "outcome": "passed", "keywords": ["tests/Part_1/__init__.py", "Part_1.py", "PythonStrings", "test_about_string_concatenation_2", "ds-sa-pyfriend"], "setup": {"duration": 0.00027329999999992083, "outcome": "passed"}, "call": {"duration": 0.0003383000000000136, "outcome": "passed"}, "teardown": {"duration": 0.0002134999999999776, "outcome": "passed"}}, {"nodeid": "tests/Part_1/Part_1.py::PythonStrings::test_about_triple_quote_strings", "lineno": 137, "outcome": "passed", "keywords": ["tests/Part_1/__init__.py", "Part_1.py", "test_about_triple_quote_strings", "PythonStrings", "ds-sa-pyfriend"], "setup": {"duration": 0.00024900000000005473, "outcome": "passed"}, "call": {"duration": 0.000206400000000051, "outcome": "passed"}, "teardown": {"duration": 0.000196000000000085, "outcome": "passed"}}, {"nodeid": "tests/Part_1/Part_1.py::PythonStrings::test_about_triple_quoted_strings_1", "lineno": 182, "outcome": "passed", "keywords": ["tests/Part_1/__init__.py", "Part_1.py", "test_about_triple_quoted_strings_1", "PythonStrings", "ds-sa-pyfriend"], "setup": {"duration": 0.0002558000000000282, "outcome": "passed"}, "call": {"duration": 0.00021409999999999485, "outcome": "passed"}, "teardown": {"duration": 0.00019919999999995497, "outcome": "passed"}}, {"nodeid": "tests/Part_1/Part_1.py::PythonStrings::test_about_triple_quoted_strings_2", "lineno": 194, "outcome": "passed", "keywords": ["tests/Part_1/__init__.py", "Part_1.py", "test_about_triple_quoted_strings_2", "PythonStrings", "ds-sa-pyfriend"], "setup": {"duration": 0.0002524000000000415, "outcome": "passed"}, "call": {"duration": 0.00020920000000002048, "outcome": "passed"}, "teardown": {"duration": 0.00023620000000001973, "outcome": "passed"}}, {"nodeid": "tests/Part_1/Part_1.py::PythonStrings::test_about_triple_single_quotes", "lineno": 144, "outcome": "passed", "keywords": ["tests/Part_1/__init__.py", "test_about_triple_single_quotes", "Part_1.py", "PythonStrings", "ds-sa-pyfriend"], "setup": {"duration": 0.00028610000000006686, "outcome": "passed"}, "call": {"duration": 0.00021360000000003598, "outcome": "passed"}, "teardown": {"duration": 0.00038639999999989794, "outcome": "passed"}}, {"nodeid": "tests/Part_1/Part_1.py::PythonLists::test_about_insert", "lineno": 354, "outcome": "passed", "keywords": ["PythonLists", "tests/Part_1/__init__.py", "Part_1.py", "test_about_insert", "ds-sa-pyfriend"], "setup": {"duration": 0.00030529999999995283, "outcome": "passed"}, "call": {"duration": 0.00021009999999999085, "outcome": "passed"}, "teardown": {"duration": 0.00022009999999994534, "outcome": "passed"}}, {"nodeid": "tests/Part_1/Part_1.py::PythonLists::test_about_list_and_ranges_1", "lineno": 326, "outcome": "passed", "keywords": ["PythonLists", "tests/Part_1/__init__.py", "Part_1.py", "test_about_list_and_ranges_1", "ds-sa-pyfriend"], "setup": {"duration": 0.0002453999999999512, "outcome": "passed"}, "call": {"duration": 0.0002082999999999391, "outcome": "passed"}, "teardown": {"duration": 0.0001970999999999501, "outcome": "passed"}}, {"nodeid": "tests/Part_1/Part_1.py::PythonLists::test_about_list_and_ranges_2", "lineno": 340, "outcome": "passed", "keywords": ["PythonLists", "test_about_list_and_ranges_2", "tests/Part_1/__init__.py", "Part_1.py", "ds-sa-pyfriend"], "setup": {"duration": 0.000276000000000054, "outcome": "passed"}, "call": {"duration": 0.00021609999999994134, "outcome": "passed"}, "teardown": {"duration": 0.00020590000000009212, "outcome": "passed"}}, {"nodeid": "tests/Part_1/Part_1.py::PythonLists::test_about_list_creation", "lineno": 257, "outcome": "passed", "keywords": ["PythonLists", "tests/Part_1/__init__.py", "test_about_list_creation", "Part_1.py", "ds-sa-pyfriend"], "setup": {"duration": 0.00027639999999995446, "outcome": "passed"}, "call": {"duration": 0.00022409999999994934, "outcome": "passed"}, "teardown": {"duration": 0.00020239999999993596, "outcome": "passed"}}, {"nodeid": "tests/Part_1/Part_1.py::PythonLists::test_about_list_elements", "lineno": 287, "outcome": "passed", "keywords": ["PythonLists", "tests/Part_1/__init__.py", "Part_1.py", "test_about_list_elements", "ds-sa-pyfriend"], "setup": {"duration": 0.00024000000000001798, "outcome": "passed"}, "call": {"duration": 0.00020059999999999523, "outcome": "passed"}, "teardown": {"duration": 0.00022449999999996084, "outcome": "passed"}}, {"nodeid": "tests/Part_1/Part_1.py::PythonLists::test_about_list_literals", "lineno": 268, "outcome": "passed", "keywords": ["PythonLists", "tests/Part_1/__init__.py", "Part_1.py", "test_about_list_literals", "ds-sa-pyfriend"], "setup": {"duration": 0.0003298999999999941, "outcome": "passed"}, "call": {"duration": 0.00022540000000004223, "outcome": "passed"}, "teardown": {"duration": 0.00019570000000002086, "outcome": "passed"}}, {"nodeid": "tests/Part_1/Part_1.py::PythonLists::test_about_pop", "lineno": 367, "outcome": "passed", "keywords": ["PythonLists", "tests/Part_1/__init__.py", "Part_1.py", "test_about_pop", "ds-sa-pyfriend"], "setup": {"duration": 0.00039639999999996345, "outcome": "passed"}, "call": {"duration": 0.00022820000000001173, "outcome": "passed"}, "teardown": {"duration": 0.00020399999999998197, "outcome": "passed"}}, {"nodeid": "tests/Part_1/Part_1.py::PythonLists::test_about_slicing_lists_1", "lineno": 303, "outcome": "passed", "keywords": ["PythonLists", "tests/Part_1/__init__.py", "Part_1.py", "test_about_slicing_lists_1", "ds-sa-pyfriend"], "setup": {"duration": 0.0002484000000000375, "outcome": "passed"}, "call": {"duration": 0.00021169999999992584, "outcome": "passed"}, "teardown": {"duration": 0.0002053999999999112, "outcome": "passed"}}, {"nodeid": "tests/Part_1/Part_1.py::PythonLists::test_about_slicing_lists_2", "lineno": 320, "outcome": "passed", "keywords": ["PythonLists", "tests/Part_1/__init__.py", "Part_1.py", "test_about_slicing_lists_2", "ds-sa-pyfriend"], "setup": {"duration": 0.0002590000000000092, "outcome": "passed"}, "call": {"duration": 0.00021970000000004486, "outcome": "passed"}, "teardown": {"duration": 0.00048229999999993556, "outcome": "passed"}}, {"nodeid": "tests/Part_1/Part_1.py::PythonDictionaries::test_about_accessing_dictionaries", "lineno": 418, "outcome": "passed", "keywords": ["tests/Part_1/__init__.py", "Part_1.py", "test_about_accessing_dictionaries", "PythonDictionaries", "ds-sa-pyfriend"], "setup": {"duration": 0.00034679999999998046, "outcome": "passed"}, "call": {"duration": 0.00022540000000004223, "outcome": "passed"}, "teardown": {"duration": 0.00020399999999998197, "outcome": "passed"}}, {"nodeid": "tests/Part_1/Part_1.py::PythonDictionaries::test_about_changing_dictionaries", "lineno": 428, "outcome": "passed", "keywords": ["test_about_changing_dictionaries", "tests/Part_1/__init__.py", "Part_1.py", "PythonDictionaries", "ds-sa-pyfriend"], "setup": {"duration": 0.00024170000000001135, "outcome": "passed"}, "call": {"duration": 0.00020290000000000585, "outcome": "passed"}, "teardown": {"duration": 0.0002123000000000541, "outcome": "passed"}}, {"nodeid": "tests/Part_1/Part_1.py::PythonDictionaries::test_about_dictionary_creation", "lineno": 399, "outcome": "passed", "keywords": ["test_about_dictionary_creation", "tests/Part_1/__init__.py", "Part_1.py", "PythonDictionaries", "ds-sa-pyfriend"], "setup": {"duration": 0.00033500000000008523, "outcome": "passed"}, "call": {"duration": 0.00020900000000001473, "outcome": "passed"}, "teardown": {"duration": 0.00019700000000000273, "outcome": "passed"}}, {"nodeid": "tests/Part_1/Part_1.py::PythonDictionaries::test_about_dictionary_literals", "lineno": 411, "outcome": "passed", "keywords": ["tests/Part_1/__init__.py", "test_about_dictionary_literals", "Part_1.py", "PythonDictionaries", "ds-sa-pyfriend"], "setup": {"duration": 0.00024580000000007374, "outcome": "passed"}, "call": {"duration": 0.0002039000000000346, "outcome": "passed"}, "teardown": {"duration": 0.0002022999999999886, "outcome": "passed"}}, {"nodeid": "tests/Part_1/Part_1.py::PythonDictionaries::test_about_dictionary_order", "lineno": 441, "outcome": "passed", "keywords": ["tests/Part_1/__init__.py", "Part_1.py", "test_about_dictionary_order", "PythonDictionaries", "ds-sa-pyfriend"], "setup": {"duration": 0.0003671000000000646, "outcome": "passed"}, "call": {"duration": 0.00023320000000004448, "outcome": "passed"}, "teardown": {"duration": 0.00020770000000003286, "outcome": "passed"}}, {"nodeid": "tests/Part_1/Part_1.py::PythonDictionaries::test_about_keys_and_values", "lineno": 454, "outcome": "passed", "keywords": ["tests/Part_1/__init__.py", "Part_1.py", "PythonDictionaries", "test_about_keys_and_values", "ds-sa-pyfriend"], "setup": {"duration": 0.00028569999999994433, "outcome": "passed"}, "call": {"duration": 0.00022259999999996172, "outcome": "passed"}, "teardown": {"duration": 0.0010904999999999943, "outcome": "passed", "stdout": "\n        -------------------------------------\n        Tearing down...\n        -------------------------------------\n        \n"}}, {"nodeid": "tests/Part_2/Part_2.py::PythonClasses::test_about_class_docstrings", "lineno": 43, "outcome": "failed", "keywords": ["Part_2.py", "ds-sa-pyfriend", "test_about_class_docstrings", "PythonClasses", "tests/Part_2/__init__.py"], "setup": {"duration": 0.0008543999999999219, "outcome": "passed", "stdout": "\n        -------------------------------------\n        Setting up...\n        -------------------------------------\n        \n"}, "call": {"duration": 0.0004007000000000316, "outcome": "failed", "crash": {"path": "C:\\Users\\jeonghun\\Section3\\ds-sa-pyfriend\\src\\Part_2.py", "lineno": 54, "message": "AssertionError: assert 'There are ma...ifferent cars' == '\ube48\uce78\uc744 \ucc44\uc6cc\uc8fc\uc138\uc694'\n  - \ube48\uce78\uc744 \ucc44\uc6cc\uc8fc\uc138\uc694\n  + There are many different cars"}, "traceback": [{"path": "src\\Part_2.py", "lineno": 54, "message": "AssertionError"}], "longrepr": "self = <src.Part_2.PythonClasses testMethod=test_about_class_docstrings>\n\n    def test_about_class_docstrings(self):\n        \"\"\"\n        `__doc__` \uc740 \uc5b8\uc81c \uc0ac\uc6a9\uc774 \ub418\uace0 \uc5b4\ub5a4 \uc6a9\ub3c4\ub85c \uc0ac\uc6a9\uc774 \ub420\uae4c\uc694?\n    \n        \ud30c\uc774\uc36c\uc5d0\uc11c \uc0ac\uc6a9\ub418\ub294 \ub77c\uc774\ube0c\ub7ec\ub9ac\ub4e4\uc5d0\uc11c\ub3c4 \uc774\ub7f0 \uc18d\uc131\uc774 \uc5b4\ub5bb\uac8c \ub3c4\uc6c0\uc774\n        \ub420\uae4c\uc694?\n    \n        \uc608\ub97c \ub4e4\uc5b4 pandas \ub77c\uc774\ube0c\ub7ec\ub9ac\uc5d0\uc11c \uc0dd\uc131\ud558\ub294 `Dataframe` \ub3c4 \uc774\ub7ec\ud55c \uc18d\uc131\uc774\n        \uc788\uc744\uae4c\uc694?\n        \"\"\"\n>       assert self.Car.__doc__ == \"\ube48\uce78\uc744 \ucc44\uc6cc\uc8fc\uc138\uc694\"\nE       AssertionError: assert 'There are ma...ifferent cars' == '\ube48\uce78\uc744 \ucc44\uc6cc\uc8fc\uc138\uc694'\nE         - \ube48\uce78\uc744 \ucc44\uc6cc\uc8fc\uc138\uc694\nE         + There are many different cars\n\nsrc\\Part_2.py:54: AssertionError"}, "teardown": {"duration": 0.0003018000000000187, "outcome": "passed"}}, {"nodeid": "tests/Part_2/Part_2.py::PythonClasses::test_about_class_property", "lineno": 121, "outcome": "failed", "keywords": ["Part_2.py", "ds-sa-pyfriend", "PythonClasses", "test_about_class_property", "tests/Part_2/__init__.py"], "setup": {"duration": 0.00028640000000001997, "outcome": "passed"}, "call": {"duration": 0.0002514000000000127, "outcome": "failed", "crash": {"path": "C:\\Users\\jeonghun\\Section3\\ds-sa-pyfriend\\src\\Part_2.py", "lineno": 143, "message": "AttributeError: 'Car3' object has no attribute '\ube48\uce78\uc744 \ucc44\uc6cc\uc8fc\uc138\uc694'"}, "traceback": [{"path": "src\\Part_2.py", "lineno": 143, "message": "AttributeError"}], "longrepr": "self = <src.Part_2.PythonClasses testMethod=test_about_class_property>\n\n    def test_about_class_property(self):\n        \"\"\"\n        \ud074\ub798\uc2a4\uc5d0 \uc788\ub294 \uc18d\uc131\uc744 \uc811\uadfc\ud558\ub294 \ub450\uac00\uc9c0 \ubc29\ubc95\uc744 \uc0b4\ud3b4\ubcf4\uaca0\uc2b5\ub2c8\ub2e4.\n    \n        \uba3c\uc800 \uba54\uc18c\ub4dc\ub85c \uc811\uadfc\ud574 \ubcf4\uaca0\uc2b5\ub2c8\ub2e4.\n        \"SuperCar\" \uc18d\uc131\uc744 \uc811\uadfc\ud558\uae30 \uc704\ud574\uc11c\ub294 `getattr()` \ub97c \uc5b4\ub5bb\uac8c \ud65c\uc6a9\ud574\uc57c \ud560\uae4c\uc694?\n    \n        \ub2e4\uc74c\uc740 \uba54\uc18c\ub4dc\uac00 \uc544\ub2cc \uc18d\uc131\uc73c\ub85c \uc811\uadfc\ud574\ubcf4\uaca0\uc2b5\ub2c8\ub2e4.\n    \n        \uc704 \ucf54\ub4dc\uc5d0\uc11c Car3 \ud074\ub798\uc2a4\uc5d0\uc11c\ub294 \uc5b4\ub5a4 \uc18d\uc131\uc774 \"SuperCar\" \uc5d0 \uc811\uadfc\ud558\uac8c\n        \ud574\uc8fc\ub098\uc694?\n    \n        \ucd94\uac00\ub85c `_name` \uc744 \uc0ac\uc6a9\ud558\uc9c0 \uc54a\uc2b5\ub2c8\ub2e4. `_name` \uc740 \uc678\ubd80\uc5d0\uc11c \uc811\uadfc\ud558\uc9c0\n        \ub9d0\ub77c\uace0 _ \uc774 \uc788\uc2b5\ub2c8\ub2e4.\n    \n        # NOTE: `property` \ud568\uc218\ub294 \uc5b4\ub5bb\uac8c \ub3d9\uc791\ud558\ub294 \ud568\uc218\uc778\uac00\uc694?\n        \"\"\"\n    \n        new_car = self.Car3()\n        new_car.set_name(\"SuperCar\")\n    \n>       assert getattr(new_car, \"\ube48\uce78\uc744 \ucc44\uc6cc\uc8fc\uc138\uc694\") == \"SuperCar\"\nE       AttributeError: 'Car3' object has no attribute '\ube48\uce78\uc744 \ucc44\uc6cc\uc8fc\uc138\uc694'\n\nsrc\\Part_2.py:143: AttributeError"}, "teardown": {"duration": 0.00030879999999999797, "outcome": "passed"}}, {"nodeid": "tests/Part_2/Part_2.py::PythonClasses::test_about_decorators", "lineno": 159, "outcome": "failed", "keywords": ["test_about_decorators", "Part_2.py", "ds-sa-pyfriend", "PythonClasses", "tests/Part_2/__init__.py"], "setup": {"duration": 0.00043039999999994194, "outcome": "passed"}, "call": {"duration": 0.0005886000000000502, "outcome": "failed", "crash": {"path": "C:\\Users\\jeonghun\\Section3\\ds-sa-pyfriend\\src\\Part_2.py", "lineno": 183, "message": "AssertionError: assert '\ube48\uce78\uc744 \ucc44\uc6cc\uc8fc\uc138\uc694' == 'SuperCar'\n  - SuperCar\n  + \ube48\uce78\uc744 \ucc44\uc6cc\uc8fc\uc138\uc694"}, "traceback": [{"path": "src\\Part_2.py", "lineno": 183, "message": "AssertionError"}], "longrepr": "self = <src.Part_2.PythonClasses testMethod=test_about_decorators>\n\n    def test_about_decorators(self):\n        \"\"\"\n        \ud074\ub798\uc2a4\uc5d0\uc11c `@property` \uc5d0 \ub300\ud574\uc11c \uc0b4\ud3b4\ubcf4\uaca0\uc2b5\ub2c8\ub2e4.\n    \n        \uc65c `@property` \ub97c \uc0ac\uc6a9\ud560\uae4c\uc694? \uadf8\ub0e5 \ubcc0\uc218\ub97c \uc9c1\uc811 \uc811\uadfc\ud558\uc9c0 \uc54a\ub294 \uc774\uc720\ub294\n        \uc678\ubd80\uc5d0\uc11c \uc123\ubd88\ub9ac \uc811\uadfc\ud588\ub2e4\uac00 \ub0b4\ubd80\uc801\uc73c\ub85c \uc608\uae30\uce58 \ubabb\ud55c \uc624\ub958\ub97c \ubc1c\uc0dd\ud560 \uc218\ub3c4\n        \uc788\uc2b5\ub2c8\ub2e4. \ubb3c\ub860 \uc774\uc678\uc5d0\ub3c4 \ud074\ub798\uc2a4\uc5d0\uc11c\ub9cc \uc811\uadfc\ud574\uc57c \ud558\ub294 \ucf54\ub4dc\ub97c \uc678\ubd80\uc5d0\uc11c\n        \uc811\uadfc\ud558\ub294 \uac83 \uc790\uccb4\uc5d0 \ub300\ud55c \ubd80\ubd84\ub3c4 \uc870\uc2ec\ud574\uc57c \ud569\ub2c8\ub2e4.\n    \n        \uadf8\ub807\ub2e4\uba74 \uc704 \ucf54\ub4dc\uc5d0\uc11c `@name.setter` \uc5d0\uc11c `@name` \uc740 \uc5b4\ub514\uc5d0\uc11c\n        \ub098\uc654\uc744\uae4c\uc694?\n    \n        # NOTE: decorator \uc5d0 \ub300\ud574\uc11c \uc54c\uc544\ubcf4\uc138\uc694. \ud30c\uc774\uc36c\uc5d0\uc11c\ub294 decorator \uac00 '@'\n        # \ud45c\uc2dc\ub97c \uc774\uc6a9\ud574 \uc0ac\uc6a9\uc774 \ub429\ub2c8\ub2e4. \ud558\uc9c0\ub9cc \uc704 \ucf54\ub4dc\uac00 \uc5b4\ub5bb\uac8c \uc791\ub3d9\ud558\ub294\uc9c0\n        # \ud558\ub098\ubd80\ud130 \uc5f4\uae4c\uc9c0 \uc9c0\uae08 \uc544\uc2e4 \ud544\uc694\ub294 \uc5c6\uc2b5\ub2c8\ub2e4. \uc9c0\uae08\uc740 \ud30c\uc774\uc36c\uc5d0\uc11c\n        # decorator \uac00 \uc5b4\ub5bb\uac8c \ub3d9\uc791\ud558\ub294\uc9c0\uc5d0\ub9cc \uc9d1\uc911\uc744 \ud574\uc8fc\uc138\uc694\n        \"\"\"\n        new_car = self.Car4()\n    \n        # \uc774 \ubc29\ubc95\uc774 \uc5b4\ub5bb\uac8c \uc791\ub3d9\ud558\ub294 \uac78\uae4c\uc694?\n        new_car.name = \"SuperCar\"\n    \n        # new_car \uc758 \uc774\ub984\uc744 \uc5b4\ub5bb\uac8c \ubc1b\uc544\uc62c \uc218 \uc788\uc744\uae4c\uc694? `_name` \uc740 \uc544\ub2d9\ub2c8\ub2e4!\n>       assert \"\ube48\uce78\uc744 \ucc44\uc6cc\uc8fc\uc138\uc694\" == \"SuperCar\"\nE       AssertionError: assert '\ube48\uce78\uc744 \ucc44\uc6cc\uc8fc\uc138\uc694' == 'SuperCar'\nE         - SuperCar\nE         + \ube48\uce78\uc744 \ucc44\uc6cc\uc8fc\uc138\uc694\n\nsrc\\Part_2.py:183: AssertionError"}, "teardown": {"duration": 0.00022969999999999935, "outcome": "passed"}}, {"nodeid": "tests/Part_2/Part_2.py::PythonClasses::test_about_getattr_and_dict", "lineno": 86, "outcome": "failed", "keywords": ["test_about_getattr_and_dict", "Part_2.py", "ds-sa-pyfriend", "PythonClasses", "tests/Part_2/__init__.py"], "setup": {"duration": 0.0002870999999999846, "outcome": "passed"}, "call": {"duration": 0.00038890000000002534, "outcome": "failed", "crash": {"path": "C:\\Users\\jeonghun\\Section3\\ds-sa-pyfriend\\src\\Part_2.py", "lineno": 105, "message": "AssertionError: assert '\ube48\uce78\uc744 \ucc44\uc6cc\uc8fc\uc138\uc694' == 'SuperCar'\n  - SuperCar\n  + \ube48\uce78\uc744 \ucc44\uc6cc\uc8fc\uc138\uc694"}, "traceback": [{"path": "src\\Part_2.py", "lineno": 105, "message": "AssertionError"}], "longrepr": "self = <src.Part_2.PythonClasses testMethod=test_about_getattr_and_dict>\n\n    def test_about_getattr_and_dict(self):\n        \"\"\"\n        \uc774\ubc88\uc5d0\ub294 `getattr()` \uc5d0 \ub300\ud574\uc11c \uc54c\uc544\ubcf4\uaca0\uc2b5\ub2c8\ub2e4.\n    \n        get \uacfc attribute \uc758 \uc904\uc778\ub9d0\uc778 attr \uc744 \ud569\uce5c \uac83 \uac19\uc740 \uc774 \ud568\uc218\ub294 \uc5b4\ub5bb\uac8c\n        \uc0ac\uc6a9\ud560 \uc218 \uc788\uc744\uae4c\uc694?\n    \n        \ub610\ud55c `setattr()`, `delattr()` \ub4f1 \ub2e4\ub978 \ud568\uc218\ub4e4\ub3c4 \uc788\uc2b5\ub2c8\ub2e4.\n    \n        `__dict__` \uc740 \ud56d\uc0c1 \uc6d0\ud558\ub294 \ub300\ub85c \uc791\ub3d9\ud560\uae4c\uc694?\n    \n        \ud074\ub798\uc2a4\uc5d0 `__dict__` \ud568\uc218\ub97c \ub530\ub85c \ub9cc\ub4e0\ub2e4\uba74 \uc5b4\ub5bb\uac8c \ub420\uae4c\uc694?\n    \n        \uc774\ub7ec\ud55c \ud2b9\ubcc4 \uba54\uc18c\ub4dc\ub4e4\uc5d0 \ub300\ud574\uc11c\ub3c4 \uc54c\uc544\ubd05\ub2c8\ub2e4.\n        \"\"\"\n        new_car = self.Car2()\n        new_car.set_name(\"SuperCar\")\n    \n>       assert \"\ube48\uce78\uc744 \ucc44\uc6cc\uc8fc\uc138\uc694\" == getattr(new_car, \"_name\")\nE       AssertionError: assert '\ube48\uce78\uc744 \ucc44\uc6cc\uc8fc\uc138\uc694' == 'SuperCar'\nE         - SuperCar\nE         + \ube48\uce78\uc744 \ucc44\uc6cc\uc8fc\uc138\uc694\n\nsrc\\Part_2.py:105: AssertionError"}, "teardown": {"duration": 0.00030530000000006385, "outcome": "passed"}}, {"nodeid": "tests/Part_2/Part_2.py::PythonClasses::test_about_init_and_instance", "lineno": 194, "outcome": "failed", "keywords": ["Part_2.py", "ds-sa-pyfriend", "test_about_init_and_instance", "PythonClasses", "tests/Part_2/__init__.py"], "setup": {"duration": 0.0003187000000000051, "outcome": "passed"}, "call": {"duration": 0.0004315000000000291, "outcome": "failed", "crash": {"path": "C:\\Users\\jeonghun\\Section3\\ds-sa-pyfriend\\src\\Part_2.py", "lineno": 208, "message": "AssertionError: assert '\ube48\uce78\uc744 \ucc44\uc6cc\uc8fc\uc138\uc694' == 'SuperCar'\n  - SuperCar\n  + \ube48\uce78\uc744 \ucc44\uc6cc\uc8fc\uc138\uc694"}, "traceback": [{"path": "src\\Part_2.py", "lineno": 208, "message": "AssertionError"}], "longrepr": "self = <src.Part_2.PythonClasses testMethod=test_about_init_and_instance>\n\n    def test_about_init_and_instance(self):\n        \"\"\"\n        \ud30c\uc774\uc36c\uc758 \uc0dd\uc131\uc790 \ud568\uc218\uc640 \uc778\uc2a4\ud134\uc2a4\uc5d0 \ub300\ud574\uc11c \uc0b4\ud3b4\ubcf4\uaca0\uc2b5\ub2c8\ub2e4.\n    \n        \uc0dd\uc131\uc790 \ud568\uc218\ub294 \ub9d0 \uadf8\ub300\ub85c '\uc0dd\uc131' \ud574\uc8fc\ub294 \ud568\uc218\uc785\ub2c8\ub2e4. \uad6c\uccb4\uc801\uc73c\ub85c\ub294 \ud574\ub2f9\n        \ud568\uc218\ub97c \ud1b5\ud574 \ud558\ub098\uc758 \uc778\uc2a4\ud134\uc2a4\ub97c \uc0dd\uc131\ud560 \uc218 \uc788\uc2b5\ub2c8\ub2e4.\n    \n        \uc0dd\uc131\uc790 \ud568\uc218\ub294 \uc77c\ubc18 \ud568\uc218\ucc98\ub7fc \ud30c\ub77c\ubbf8\ud130\ub97c \ubc1b\uc744 \uc218 \uc788\uc2b5\ub2c8\ub2e4.\n        `Car5` \uc640 \uac19\uc740 \uacbd\uc6b0\uc5d0\ub294 `initial_name` \uc744 \ubc1b\ub3c4\ub85d \ub418\uc5b4 \uc788\uc2b5\ub2c8\ub2e4.\n        \"\"\"\n        new_car = self.Car5(\"SuperCar\")\n    \n        # \uc774\uc81c\ub294 \uc775\uc219\ud574\uc9c0\uc168\uaca0\uc9c0\ub9cc `_name` \uc744 \uc0ac\uc6a9\ud558\uc9c0 \uc54a\uc2b5\ub2c8\ub2e4!\n>       assert \"\ube48\uce78\uc744 \ucc44\uc6cc\uc8fc\uc138\uc694\" == \"SuperCar\"\nE       AssertionError: assert '\ube48\uce78\uc744 \ucc44\uc6cc\uc8fc\uc138\uc694' == 'SuperCar'\nE         - SuperCar\nE         + \ube48\uce78\uc744 \ucc44\uc6cc\uc8fc\uc138\uc694\n\nsrc\\Part_2.py:208: AssertionError"}, "teardown": {"duration": 0.00030120000000000147, "outcome": "passed"}}, {"nodeid": "tests/Part_2/Part_2.py::PythonClasses::test_about_init_args", "lineno": 209, "outcome": "failed", "keywords": ["Part_2.py", "test_about_init_args", "ds-sa-pyfriend", "PythonClasses", "tests/Part_2/__init__.py"], "setup": {"duration": 0.00028969999999994833, "outcome": "passed"}, "call": {"duration": 0.0002554000000000167, "outcome": "failed", "crash": {"path": "C:\\Users\\jeonghun\\Section3\\ds-sa-pyfriend\\src\\Part_2.py", "lineno": 224, "message": "TypeError: assertRaises() arg 1 must be an exception type or tuple of exception types"}, "traceback": [{"path": "src\\Part_2.py", "lineno": 224, "message": "TypeError"}], "longrepr": "self = <src.Part_2.PythonClasses testMethod=test_about_init_args>\n\n    def test_about_init_args(self):\n        \"\"\"\n        \uc624\ub958\uc5d0 \ub300\ud574\uc11c\ub3c4 \uc54c\uc544\ubcf4\uaca0\uc2b5\ub2c8\ub2e4.\n    \n        Car5 \uc758 \uc0dd\uc131\uc790 \ud568\uc218\uc5d0\uc11c \ubc1b\uc544\uc57c \ud558\ub294 \uac12\uc744 \uc8fc\uc9c0 \uc54a\uc740 \uacbd\uc6b0\uc5d0\ub294 \uc5b4\ub5a4 \uc5d0\ub7ec\uac00\n        \ubc1c\uc0dd\ud558\ub098\uc694?\n    \n        \uc544\ub798 \ucf54\ub4dc\uc5d0 \ud574\ub2f9 \uc624\ub958, \uc608\uc678 \ud074\ub798\uc2a4\ub97c \uc368\uc8fc\uc2dc\uba74 \ub429\ub2c8\ub2e4.\n    \n        \uc608\ub97c \ub4e4\uc5b4 \ud30c\uc774\uc36c\uc5d0\uc11c \ubcf4\uc168\uc744\ub9cc\ud55c \uc608\uc678 \ud074\ub798\uc2a4\ub294 `TypeError`,\n        `IndentationError` \ub4f1 \ub2e4\uc591\ud569\ub2c8\ub2e4.\n    \n        \uc544\ub798 \ucf54\ub4dc\uc5d0\uc11c `self.Car5()` \ub97c \uc2e4\ud589\ud558\uba74 \uc5b4\ub5a4 \uc5d0\ub7ec\uac00 \ubc1c\uc0dd\ud560\uae4c\uc694?\n        \"\"\"\n>       with self.assertRaises(\"\uc608\uc678 \ud074\ub798\uc2a4\ub97c \uc785\ub825\ud574\uc8fc\uc138\uc694\"):\nE       TypeError: assertRaises() arg 1 must be an exception type or tuple of exception types\n\nsrc\\Part_2.py:224: TypeError"}, "teardown": {"duration": 0.00027719999999997746, "outcome": "passed"}}, {"nodeid": "tests/Part_2/Part_2.py::PythonClasses::test_about_init_constructor", "lineno": 64, "outcome": "failed", "keywords": ["test_about_init_constructor", "Part_2.py", "ds-sa-pyfriend", "PythonClasses", "tests/Part_2/__init__.py"], "setup": {"duration": 0.0003241999999999967, "outcome": "passed"}, "call": {"duration": 0.00040770000000001083, "outcome": "failed", "crash": {"path": "C:\\Users\\jeonghun\\Section3\\ds-sa-pyfriend\\src\\Part_2.py", "lineno": 75, "message": "AssertionError: assert '\ube48\uce78\uc744 \ucc44\uc6cc\uc8fc\uc138\uc694' == 'BatCar'\n  - BatCar\n  + \ube48\uce78\uc744 \ucc44\uc6cc\uc8fc\uc138\uc694"}, "traceback": [{"path": "src\\Part_2.py", "lineno": 75, "message": "AssertionError"}], "longrepr": "self = <src.Part_2.PythonClasses testMethod=test_about_init_constructor>\n\n    def test_about_init_constructor(self):\n        \"\"\"\n        'underbar' \ub77c\uace0 \ubd88\ub9ac\ub294 \ubc11\uc904 (_) \uc5d0 \ub300\ud574\uc11c \uc54c\uc544\ubcf4\uaca0\uc2b5\ub2c8\ub2e4.\n    \n        \ud30c\uc774\uc36c\uc5d0\uc11c\ub294 \uc774\ub7ec\ud55c \ubc11\uc904\uc758 \uc758\ubbf8\uac00 \uc5b4\ub5bb\uac8c \ub418\ub098\uc694?\n    \n        \ud074\ub798\uc2a4\uc5d0\uc11c\ub294 \uc774 \ubc11\uc904\uc744 \uc0ac\uc6a9\ud558\ub294 \uc6a9\ub3c4\uac00 \uc788\uc2b5\ub2c8\ub2e4.\n        \ubb3c\ub860 \uaddc\uce59\ucc98\ub7fc \uc815\ud574\uc9c0\uc9c0\ub294 \uc54a\uc558\uc9c0\ub9cc \ud558\ub098\uc758 \uc554\ubb35\uc801\uc778 convention \uc785\ub2c8\ub2e4.\n        \"\"\"\n        new_car = self.Car2()\n>       assert \"\ube48\uce78\uc744 \ucc44\uc6cc\uc8fc\uc138\uc694\" == new_car._name\nE       AssertionError: assert '\ube48\uce78\uc744 \ucc44\uc6cc\uc8fc\uc138\uc694' == 'BatCar'\nE         - BatCar\nE         + \ube48\uce78\uc744 \ucc44\uc6cc\uc8fc\uc138\uc694\n\nsrc\\Part_2.py:75: AssertionError"}, "teardown": {"duration": 0.00029400000000001647, "outcome": "passed"}}, {"nodeid": "tests/Part_2/Part_2.py::PythonClasses::test_about_instance_creation", "lineno": 31, "outcome": "failed", "keywords": ["test_about_instance_creation", "Part_2.py", "ds-sa-pyfriend", "PythonClasses", "tests/Part_2/__init__.py"], "setup": {"duration": 0.0002697999999999867, "outcome": "passed"}, "call": {"duration": 0.00037290000000000934, "outcome": "failed", "crash": {"path": "C:\\Users\\jeonghun\\Section3\\ds-sa-pyfriend\\src\\Part_2.py", "lineno": 42, "message": "AssertionError: assert '\ube48\uce78\uc744 \ucc44\uc6cc\uc8fc\uc138\uc694' == 'Car'\n  - Car\n  + \ube48\uce78\uc744 \ucc44\uc6cc\uc8fc\uc138\uc694"}, "traceback": [{"path": "src\\Part_2.py", "lineno": 42, "message": "AssertionError"}], "longrepr": "self = <src.Part_2.PythonClasses testMethod=test_about_instance_creation>\n\n    def test_about_instance_creation(self):\n        \"\"\"\n        `new_car` \ub294 \ud074\ub798\uc2a4\uc758 \uc778\uc2a4\ud134\uc2a4\uc785\ub2c8\ub2e4.\n    \n        \uc774\ub807\uac8c \uc0dd\uc131\ub41c \uc778\uc2a4\ud134\uc2a4\uc5d0\ub294 \uae30\ubcf8\uc73c\ub85c \uba87\uac00\uc9c0 \uc18d\uc131\ub4e4\uc774 \uc0dd\uaca8\ub0a9\ub2c8\ub2e4.\n        \uc774 \uc911\uc5d0\uc11c `__name__` \uc5b4\ub5a4 \uc18d\uc131\uc778\uc9c0 \uc54c\uc544\ubcf4\uc138\uc694\n    \n        # NOTE: .__name__ \uc18d\uc131\uc740 \ud074\ub798\uc2a4\ub97c \ubb38\uc790\uc5f4\ub85c \ub9cc\ub4ed\ub2c8\ub2e4.\n        \"\"\"\n        new_car = self.Car()\n>       assert \"\ube48\uce78\uc744 \ucc44\uc6cc\uc8fc\uc138\uc694\" == new_car.__class__.__name__\nE       AssertionError: assert '\ube48\uce78\uc744 \ucc44\uc6cc\uc8fc\uc138\uc694' == 'Car'\nE         - Car\nE         + \ube48\uce78\uc744 \ucc44\uc6cc\uc8fc\uc138\uc694\n\nsrc\\Part_2.py:42: AssertionError"}, "teardown": {"duration": 0.00027969999999999384, "outcome": "passed"}}, {"nodeid": "tests/Part_2/Part_2.py::PythonClasses::test_about_instance_variables", "lineno": 226, "outcome": "failed", "keywords": ["Part_2.py", "ds-sa-pyfriend", "PythonClasses", "test_about_instance_variables", "tests/Part_2/__init__.py"], "setup": {"duration": 0.0002718999999999916, "outcome": "passed"}, "call": {"duration": 0.0004064999999999763, "outcome": "failed", "crash": {"path": "C:\\Users\\jeonghun\\Section3\\ds-sa-pyfriend\\src\\Part_2.py", "lineno": 240, "message": "AssertionError: assert '\ube48\uce78\uc744 \ucc44\uc6cc\uc8fc\uc138\uc694' is ('SuperCar' == 'RobinCar'\n  - RobinCar\n  + SuperCar)"}, "traceback": [{"path": "src\\Part_2.py", "lineno": 240, "message": "AssertionError"}], "longrepr": "self = <src.Part_2.PythonClasses testMethod=test_about_instance_variables>\n\n    def test_about_instance_variables(self):\n        \"\"\"\n        \ud558\ub098\uc758 \uc778\uc2a4\ud134\uc2a4\ub9c8\ub2e4 \uc800\ub9c8\ub2e4\uc758 \uac12\ub4e4\uc744 \uc800\uc7a5\ud574 \uc0ac\uc6a9\ud560 \uc218 \uc788\uc2b5\ub2c8\ub2e4.\n    \n        \uc544\ub798 \ucf54\ub4dc\uc5d0\uc11c\ub294 \ub450 \uac1c\uc758 \uc778\uc2a4\ud134\uc2a4\ub97c \uc0dd\uc131\ud569\ub2c8\ub2e4.\n    \n        \uc11c\ub85c\uac00 \uc601\ud5a5\uc744 \uc904\uae4c\uc694?\n    \n        \uc9c1\uc811 \uc778\uc2a4\ud134\uc2a4\ub97c \ub9cc\ub4e4\uc5b4\ubcf4\uba74\uc11c \uc2e4\ud5d8\ud574 \ubcf4\uc138\uc694!\n        \"\"\"\n        old_car = self.Car5(\"SuperCar\")\n        new_car = self.Car5(\"RobinCar\")\n    \n>       assert \"\ube48\uce78\uc744 \ucc44\uc6cc\uc8fc\uc138\uc694\" is (old_car.name == new_car.name)\nE       AssertionError: assert '\ube48\uce78\uc744 \ucc44\uc6cc\uc8fc\uc138\uc694' is ('SuperCar' == 'RobinCar'\nE         - RobinCar\nE         + SuperCar)\n\nsrc\\Part_2.py:240: AssertionError"}, "teardown": {"duration": 0.0009166999999999925, "outcome": "passed"}}, {"nodeid": "tests/Part_2/Part_2.py::PythonClasses::test_about_objects_str_and_repr", "lineno": 304, "outcome": "failed", "keywords": ["Part_2.py", "test_about_objects_str_and_repr", "ds-sa-pyfriend", "PythonClasses", "tests/Part_2/__init__.py"], "setup": {"duration": 0.00030810000000003335, "outcome": "passed"}, "call": {"duration": 0.00040720000000005196, "outcome": "failed", "crash": {"path": "C:\\Users\\jeonghun\\Section3\\ds-sa-pyfriend\\src\\Part_2.py", "lineno": 314, "message": "AssertionError: assert '\ube48\uce78\uc744 \ucc44\uc6cc\uc8fc\uc138\uc694' == '[1, 2, 3]'\n  - [1, 2, 3]\n  + \ube48\uce78\uc744 \ucc44\uc6cc\uc8fc\uc138\uc694"}, "traceback": [{"path": "src\\Part_2.py", "lineno": 314, "message": "AssertionError"}], "longrepr": "self = <src.Part_2.PythonClasses testMethod=test_about_objects_str_and_repr>\n\n    def test_about_objects_str_and_repr(self):\n        \"\"\"\n        \uc774\ubc88\uc5d0\ub294 \ub2e4\ub978 \uac1d\uccb4\ub4e4\uc758 `__str__` \uacfc `__repr__` \ud568\uc218\ub4e4\uc5d0 \ub300\ud574\uc11c\n        \uc0b4\ud3b4\ubcf4\uaca0\uc2b5\ub2c8\ub2e4.\n    \n        \uc5b4\ub5a4 \uacb0\uacfc\ub4e4\uc774 \ub4f1\uc7a5\ud558\ub098\uc694?\n        \"\"\"\n        nums=[1, 2, 3]\n    \n>       assert \"\ube48\uce78\uc744 \ucc44\uc6cc\uc8fc\uc138\uc694\" == str(nums)\nE       AssertionError: assert '\ube48\uce78\uc744 \ucc44\uc6cc\uc8fc\uc138\uc694' == '[1, 2, 3]'\nE         - [1, 2, 3]\nE         + \ube48\uce78\uc744 \ucc44\uc6cc\uc8fc\uc138\uc694\n\nsrc\\Part_2.py:314: AssertionError"}, "teardown": {"duration": 0.0002974000000000032, "outcome": "passed"}}, {"nodeid": "tests/Part_2/Part_2.py::PythonClasses::test_about_private_attributes", "lineno": 76, "outcome": "failed", "keywords": ["test_about_private_attributes", "Part_2.py", "ds-sa-pyfriend", "PythonClasses", "tests/Part_2/__init__.py"], "setup": {"duration": 0.0004947999999999064, "outcome": "passed"}, "call": {"duration": 0.0004377999999999327, "outcome": "failed", "crash": {"path": "C:\\Users\\jeonghun\\Section3\\ds-sa-pyfriend\\src\\Part_2.py", "lineno": 85, "message": "AssertionError: assert '\ube48\uce78\uc744 \ucc44\uc6cc\uc8fc\uc138\uc694' == 'SuperCar'\n  - SuperCar\n  + \ube48\uce78\uc744 \ucc44\uc6cc\uc8fc\uc138\uc694"}, "traceback": [{"path": "src\\Part_2.py", "lineno": 85, "message": "AssertionError"}], "longrepr": "self = <src.Part_2.PythonClasses testMethod=test_about_private_attributes>\n\n    def test_about_private_attributes(self):\n        \"\"\"\n        _ \uc740 \ud30c\uc774\uc36c\uc5d0\uc11c private \uc744 \ub73b\ud558\uc9c0\ub9cc \ub3d9\uc791\uc740 \uc5b4\ub5a8\uae4c\uc694?\n    \n        \ubc11\uc904\uc774 \uc5c6\ub294 \ucf54\ub4dc\uc640 \ub2e4\ub974\uac8c \uc791\ub3d9\ud560\uae4c\uc694?\n        \"\"\"\n        new_car = self.Car2()\n        new_car.set_name(\"SuperCar\")\n>       assert \"\ube48\uce78\uc744 \ucc44\uc6cc\uc8fc\uc138\uc694\" == new_car._name\nE       AssertionError: assert '\ube48\uce78\uc744 \ucc44\uc6cc\uc8fc\uc138\uc694' == 'SuperCar'\nE         - SuperCar\nE         + \ube48\uce78\uc744 \ucc44\uc6cc\uc8fc\uc138\uc694\n\nsrc\\Part_2.py:85: AssertionError"}, "teardown": {"duration": 0.0004946000000000117, "outcome": "passed"}}, {"nodeid": "tests/Part_2/Part_2.py::PythonClasses::test_about_repr_method", "lineno": 290, "outcome": "failed", "keywords": ["Part_2.py", "ds-sa-pyfriend", "PythonClasses", "test_about_repr_method", "tests/Part_2/__init__.py"], "setup": {"duration": 0.0003181999999999352, "outcome": "passed"}, "call": {"duration": 0.00025799999999998047, "outcome": "failed", "crash": {"path": "C:\\Users\\jeonghun\\Section3\\ds-sa-pyfriend\\src\\Part_2.py", "lineno": 302, "message": "TypeError: __repr__ returned non-string (type NoneType)"}, "traceback": [{"path": "src\\Part_2.py", "lineno": 302, "message": "TypeError"}], "longrepr": "self = <src.Part_2.PythonClasses testMethod=test_about_repr_method>\n\n    def test_about_repr_method(self):\n        \"\"\"\n        \uc774\ubc88\uc5d0\ub294 `__repr__` \ud568\uc218\uc5d0 \ub300\ud574\uc11c \uc54c\uc544\ubcf4\uaca0\uc2b5\ub2c8\ub2e4.\n    \n        \uc774 \ud2b9\ubcc4\ud55c \ud568\uc218\ub294 \uc5b8\uc81c \uc0ac\uc6a9\uc774 \ub420\uae4c\uc694?\n        \ub610\ud55c `__str__` \uacfc `__repr__` \uc758 \ucc28\uc774\ub294 \ubb54\uac00\uc694?\n        \"\"\"\n        batcar = self.Car6(\"BatCar\")\n        supercar = self.Car6(\"SuperCar\")\n    \n        # Car6 \uc758 __repr__ \ub97c \uc644\uc131\ud574\uc57c \ud569\ub2c8\ub2e4.\n>       assert repr(batcar) == \"<Car 'BatCar'>\"\nE       TypeError: __repr__ returned non-string (type NoneType)\n\nsrc\\Part_2.py:302: TypeError"}, "teardown": {"duration": 0.00028079999999996996, "outcome": "passed"}}, {"nodeid": "tests/Part_2/Part_2.py::PythonClasses::test_about_self_reference", "lineno": 262, "outcome": "failed", "keywords": ["Part_2.py", "ds-sa-pyfriend", "PythonClasses", "test_about_self_reference", "tests/Part_2/__init__.py"], "setup": {"duration": 0.00044559999999993494, "outcome": "passed"}, "call": {"duration": 0.0006707000000000241, "outcome": "failed", "crash": {"path": "C:\\Users\\jeonghun\\Section3\\ds-sa-pyfriend\\src\\Part_2.py", "lineno": 273, "message": "AssertionError: assert '\ube48\uce78\uc744 \ucc44\uc6cc\uc8fc\uc138\uc694' == <[TypeError('...0x1b9f7a99f40>\n  (pytest_assertion plugin: representation of details failed: C:\\Users\\jeonghun\\anaconda3\\envs\\s321\\lib\\site-packages\\_pytest\\assertion\\util.py:251: TypeError: __repr__ returned non-string (type NoneType).\n   Probably an object has a faulty __repr__.)"}, "traceback": [{"path": "src\\Part_2.py", "lineno": 273, "message": "AssertionError"}], "longrepr": "self = <src.Part_2.PythonClasses testMethod=test_about_self_reference>\n\n    def test_about_self_reference(self):\n        \"\"\"\n        \ud074\ub798\uc2a4\uc5d0\uc11c `self` \ub77c\ub294 \uac83\uc5d0 \ub300\ud574\uc11c \uc54c\uc544\ubcf4\uaca0\uc2b5\ub2c8\ub2e4.\n    \n        \uc704 \ucf54\ub4dc\uc5d0\uc11c `get_self()` \ud568\uc218\ub294 `self` \ub97c \ub9ac\ud134\ud569\ub2c8\ub2e4.\n    \n        \uc5ec\uae30\uc5d0\uc11c `self` \ub780 \uc5b4\ub5a4 \uac83\uc77c\uae4c\uc694?\n        \"\"\"\n        new_car = self.Car6(\"SuperCar\")\n    \n>       assert \"\ube48\uce78\uc744 \ucc44\uc6cc\uc8fc\uc138\uc694\" == new_car.get_self() # string \uc774 \uc544\ub2d9\ub2c8\ub2e4!\nE       AssertionError: assert '\ube48\uce78\uc744 \ucc44\uc6cc\uc8fc\uc138\uc694' == <[TypeError('...0x1b9f7a99f40>\nE         (pytest_assertion plugin: representation of details failed: C:\\Users\\jeonghun\\anaconda3\\envs\\s321\\lib\\site-packages\\_pytest\\assertion\\util.py:251: TypeError: __repr__ returned non-string (type NoneType).\nE          Probably an object has a faulty __repr__.)\n\nsrc\\Part_2.py:273: AssertionError"}, "teardown": {"duration": 0.00033640000000001447, "outcome": "passed"}}, {"nodeid": "tests/Part_2/Part_2.py::PythonClasses::test_about_str_method", "lineno": 274, "outcome": "failed", "keywords": ["Part_2.py", "test_about_str_method", "ds-sa-pyfriend", "PythonClasses", "tests/Part_2/__init__.py"], "setup": {"duration": 0.00031849999999999934, "outcome": "passed"}, "call": {"duration": 0.00024530000000000385, "outcome": "failed", "crash": {"path": "C:\\Users\\jeonghun\\Section3\\ds-sa-pyfriend\\src\\Part_2.py", "lineno": 288, "message": "TypeError: __str__ returned non-string (type NoneType)"}, "traceback": [{"path": "src\\Part_2.py", "lineno": 288, "message": "TypeError"}], "longrepr": "self = <src.Part_2.PythonClasses testMethod=test_about_str_method>\n\n    def test_about_str_method(self):\n        \"\"\"\n        `str()` \ud568\uc218\ub97c \uc368\ubcf4\uc2e0 \uc801\uc774 \uc788\uc73c\uc2e0\uac00\uc694?\n    \n        \ubb38\uc790\uc5f4\ub85c \ubc14\uafd4\uc8fc\uae30\ub3c4 \ud558\uc9c0\ub9cc `__str__` \uc744 \ud1b5\ud574\uc11c \ud574\ub2f9 \ud568\uc218\ub97c \ub36e\uc5b4\uc4f8 \uc218\n        \uc788\uc2b5\ub2c8\ub2e4.\n    \n        \uc774\ub807\uac8c \ud568\uc218\ub97c \uc0ac\uc6a9\ud558\uac8c \ub418\uba74 \ubb38\uc790\uc5f4\ub85c \ubcc0\uacbd\ud574\uc8fc\ub294 \ud568\uc218\ub3c4 \uc870\uc791\ud560 \uc218\n        \uc788\uc2b5\ub2c8\ub2e4.\n        \"\"\"\n        new_car=self.Car6(\"SuperCar\")\n    \n        # Car6 \uc758 __str__ \ub97c \uc644\uc131\ud574\uc57c \ud569\ub2c8\ub2e4.\n>       assert str(new_car) == \"This car is SuperCar\"\nE       TypeError: __str__ returned non-string (type NoneType)\n\nsrc\\Part_2.py:288: TypeError"}, "teardown": {"duration": 0.00042200000000003346, "outcome": "passed"}}, {"nodeid": "tests/Part_2/Part_2.py::PythonClassAttributes::test_about_class_and_objects", "lineno": 345, "outcome": "failed", "keywords": ["PythonClassAttributes", "Part_2.py", "test_about_class_and_objects", "ds-sa-pyfriend", "tests/Part_2/__init__.py"], "setup": {"duration": 0.00038130000000002884, "outcome": "passed"}, "call": {"duration": 0.0003182000000000462, "outcome": "failed", "crash": {"path": "C:\\Users\\jeonghun\\Section3\\ds-sa-pyfriend\\src\\Part_2.py", "lineno": 352, "message": "AssertionError: assert '\ube48\uce78\uc744 \ucc44\uc6cc\uc8fc\uc138\uc694' is True\n +  where True = issubclass(<class 'src.Part_2.PythonClassAttributes.Car'>, object)\n +    where <class 'src.Part_2.PythonClassAttributes.Car'> = <src.Part_2.PythonClassAttributes testMethod=test_about_class_and_objects>.Car"}, "traceback": [{"path": "src\\Part_2.py", "lineno": 352, "message": "AssertionError"}], "longrepr": "self = <src.Part_2.PythonClassAttributes testMethod=test_about_class_and_objects>\n\n    def test_about_class_and_objects(self):\n        \"\"\"\n        `issubclass` \uc5d0\uc11c subclass \ub780 \ubb34\uc5c7\uc744 \uc758\ubbf8\ud560\uae4c\uc694?\n    \n        \ud30c\uc774\uc36c\uc740 \ud074\ub798\uc2a4\uc5d0\uc11c \ub2e4\ub978 \ud074\ub798\uc2a4\uac00 \ud30c\uc0dd\ub41c \uacbd\uc6b0\uac00 \uc788\uc744\uae4c\uc694?\n        \"\"\"\n>       assert \"\ube48\uce78\uc744 \ucc44\uc6cc\uc8fc\uc138\uc694\" is (issubclass(self.Car, object))\nE       AssertionError: assert '\ube48\uce78\uc744 \ucc44\uc6cc\uc8fc\uc138\uc694' is True\nE        +  where True = issubclass(<class 'src.Part_2.PythonClassAttributes.Car'>, object)\nE        +    where <class 'src.Part_2.PythonClassAttributes.Car'> = <src.Part_2.PythonClassAttributes testMethod=test_about_class_and_objects>.Car\n\nsrc\\Part_2.py:352: AssertionError"}, "teardown": {"duration": 0.00026239999999999597, "outcome": "passed"}}, {"nodeid": "tests/Part_2/Part_2.py::PythonClassAttributes::test_about_class_and_types", "lineno": 338, "outcome": "failed", "keywords": ["PythonClassAttributes", "Part_2.py", "ds-sa-pyfriend", "test_about_class_and_types", "tests/Part_2/__init__.py"], "setup": {"duration": 0.0003627000000000491, "outcome": "passed"}, "call": {"duration": 0.00038919999999997845, "outcome": "failed", "crash": {"path": "C:\\Users\\jeonghun\\Section3\\ds-sa-pyfriend\\src\\Part_2.py", "lineno": 344, "message": "AssertionError: assert '\ube48\uce78\uc744 \ucc44\uc6cc\uc8fc\uc138\uc694' is (<class 'type'> == <class 'type'>\n  +<class 'type'>\n  -<class 'type'>)"}, "traceback": [{"path": "src\\Part_2.py", "lineno": 344, "message": "AssertionError"}], "longrepr": "self = <src.Part_2.PythonClassAttributes testMethod=test_about_class_and_types>\n\n    def test_about_class_and_types(self):\n        \"\"\"\n        `__class__` \ub294 \ud30c\uc774\uc36c\uc5d0\uc11c \ud2b9\uc815 \uac1d\uccb4\uc758 \ud074\ub798\uc2a4\ub97c \ud30c\uc545\ud558\uae30 \uc704\ud574 \uc0ac\uc6a9\uc774\n        \ub429\ub2c8\ub2e4.\n        \"\"\"\n>       assert \"\ube48\uce78\uc744 \ucc44\uc6cc\uc8fc\uc138\uc694\" is (self.Car.__class__ == type)\nE       AssertionError: assert '\ube48\uce78\uc744 \ucc44\uc6cc\uc8fc\uc138\uc694' is (<class 'type'> == <class 'type'>\nE         +<class 'type'>\nE         -<class 'type'>)\n\nsrc\\Part_2.py:344: AssertionError"}, "teardown": {"duration": 0.0003377999999999437, "outcome": "passed"}}, {"nodeid": "tests/Part_2/Part_2.py::PythonClassAttributes::test_about_class_methods", "lineno": 365, "outcome": "failed", "keywords": ["PythonClassAttributes", "Part_2.py", "ds-sa-pyfriend", "test_about_class_methods", "tests/Part_2/__init__.py"], "setup": {"duration": 0.0003431000000000406, "outcome": "passed"}, "call": {"duration": 0.0003978000000000037, "outcome": "failed", "crash": {"path": "C:\\Users\\jeonghun\\Section3\\ds-sa-pyfriend\\src\\Part_2.py", "lineno": 367, "message": "AssertionError: assert '\ube48\uce78\uc744 \ucc44\uc6cc\uc8fc\uc138\uc694' == 26\n  +'\ube48\uce78\uc744 \ucc44\uc6cc\uc8fc\uc138\uc694'\n  -26"}, "traceback": [{"path": "src\\Part_2.py", "lineno": 367, "message": "AssertionError"}], "longrepr": "self = <src.Part_2.PythonClassAttributes testMethod=test_about_class_methods>\n\n    def test_about_class_methods(self):\n>       assert \"\ube48\uce78\uc744 \ucc44\uc6cc\uc8fc\uc138\uc694\" == len(dir(self.Car))\nE       AssertionError: assert '\ube48\uce78\uc744 \ucc44\uc6cc\uc8fc\uc138\uc694' == 26\nE         +'\ube48\uce78\uc744 \ucc44\uc6cc\uc8fc\uc138\uc694'\nE         -26\n\nsrc\\Part_2.py:367: AssertionError"}, "teardown": {"duration": 0.00028399999999995096, "outcome": "passed"}}, {"nodeid": "tests/Part_2/Part_2.py::PythonClassAttributes::test_about_individual_object_attributes", "lineno": 368, "outcome": "failed", "keywords": ["PythonClassAttributes", "Part_2.py", "ds-sa-pyfriend", "test_about_individual_object_attributes", "tests/Part_2/__init__.py"], "setup": {"duration": 0.0002849999999999797, "outcome": "passed"}, "call": {"duration": 0.0005171000000000481, "outcome": "failed", "crash": {"path": "C:\\Users\\jeonghun\\Section3\\ds-sa-pyfriend\\src\\Part_2.py", "lineno": 373, "message": "AssertionError: assert '\ube48\uce78\uc744 \ucc44\uc6cc\uc8fc\uc138\uc694' == 4\n  +'\ube48\uce78\uc744 \ucc44\uc6cc\uc8fc\uc138\uc694'\n  -4"}, "traceback": [{"path": "src\\Part_2.py", "lineno": 373, "message": "AssertionError"}], "longrepr": "self = <src.Part_2.PythonClassAttributes testMethod=test_about_individual_object_attributes>\n\n    def test_about_individual_object_attributes(self):\n        new_car=self.Car()\n        new_car.wheels=4\n    \n>       assert \"\ube48\uce78\uc744 \ucc44\uc6cc\uc8fc\uc138\uc694\" == new_car.wheels\nE       AssertionError: assert '\ube48\uce78\uc744 \ucc44\uc6cc\uc8fc\uc138\uc694' == 4\nE         +'\ube48\uce78\uc744 \ucc44\uc6cc\uc8fc\uc138\uc694'\nE         -4\n\nsrc\\Part_2.py:373: AssertionError"}, "teardown": {"duration": 0.0003098999999999741, "outcome": "passed"}}, {"nodeid": "tests/Part_2/Part_2.py::PythonClassAttributes::test_about_individual_object_functions_1", "lineno": 374, "outcome": "failed", "keywords": ["test_about_individual_object_functions_1", "PythonClassAttributes", "Part_2.py", "ds-sa-pyfriend", "tests/Part_2/__init__.py"], "setup": {"duration": 0.00033860000000007773, "outcome": "passed"}, "call": {"duration": 0.0003884999999999028, "outcome": "failed", "crash": {"path": "C:\\Users\\jeonghun\\Section3\\ds-sa-pyfriend\\src\\Part_2.py", "lineno": 379, "message": "AssertionError: assert '\ube48\uce78\uc744 \ucc44\uc6cc\uc8fc\uc138\uc694' == 'driving car'\n  - driving car\n  + \ube48\uce78\uc744 \ucc44\uc6cc\uc8fc\uc138\uc694"}, "traceback": [{"path": "src\\Part_2.py", "lineno": 379, "message": "AssertionError"}], "longrepr": "self = <src.Part_2.PythonClassAttributes testMethod=test_about_individual_object_functions_1>\n\n    def test_about_individual_object_functions_1(self):\n        new_car=self.Car()\n        new_car.drive=lambda: 'driving car'\n    \n>       assert \"\ube48\uce78\uc744 \ucc44\uc6cc\uc8fc\uc138\uc694\" == new_car.drive()\nE       AssertionError: assert '\ube48\uce78\uc744 \ucc44\uc6cc\uc8fc\uc138\uc694' == 'driving car'\nE         - driving car\nE         + \ube48\uce78\uc744 \ucc44\uc6cc\uc8fc\uc138\uc694\n\nsrc\\Part_2.py:379: AssertionError"}, "teardown": {"duration": 0.00038050000000000583, "outcome": "passed"}}, {"nodeid": "tests/Part_2/Part_2.py::PythonClassAttributes::test_about_individual_object_functions_2", "lineno": 380, "outcome": "failed", "keywords": ["PythonClassAttributes", "Part_2.py", "ds-sa-pyfriend", "test_about_individual_object_functions_2", "tests/Part_2/__init__.py"], "setup": {"duration": 0.0003090999999999511, "outcome": "passed"}, "call": {"duration": 0.00025799999999998047, "outcome": "failed", "crash": {"path": "C:\\Users\\jeonghun\\Section3\\ds-sa-pyfriend\\src\\Part_2.py", "lineno": 389, "message": "TypeError: assertRaises() arg 1 must be an exception type or tuple of exception types"}, "traceback": [{"path": "src\\Part_2.py", "lineno": 389, "message": "TypeError"}], "longrepr": "self = <src.Part_2.PythonClassAttributes testMethod=test_about_individual_object_functions_2>\n\n    def test_about_individual_object_functions_2(self):\n        old_car = self.Car()\n        new_car = self.Car()\n    \n        def drive():\n            return 'driving car'\n        old_car.drive = drive\n    \n>       with self.assertRaises(\"\uc608\uc678 \ud074\ub798\uc2a4\ub97c \uc785\ub825\ud574\uc8fc\uc138\uc694\"):\nE       TypeError: assertRaises() arg 1 must be an exception type or tuple of exception types\n\nsrc\\Part_2.py:389: TypeError"}, "teardown": {"duration": 0.00031199999999997896, "outcome": "passed"}}, {"nodeid": "tests/Part_2/Part_2.py::PythonClassAttributes::test_about_object_methods", "lineno": 353, "outcome": "failed", "keywords": ["PythonClassAttributes", "test_about_object_methods", "Part_2.py", "ds-sa-pyfriend", "tests/Part_2/__init__.py"], "setup": {"duration": 0.00035920000000000396, "outcome": "passed"}, "call": {"duration": 0.00041720000000000645, "outcome": "failed", "crash": {"path": "C:\\Users\\jeonghun\\Section3\\ds-sa-pyfriend\\src\\Part_2.py", "lineno": 364, "message": "AssertionError: assert '\ube48\uce78\uc744 \ucc44\uc6cc\uc8fc\uc138\uc694' == 26\n  +'\ube48\uce78\uc744 \ucc44\uc6cc\uc8fc\uc138\uc694'\n  -26"}, "traceback": [{"path": "src\\Part_2.py", "lineno": 364, "message": "AssertionError"}], "longrepr": "self = <src.Part_2.PythonClassAttributes testMethod=test_about_object_methods>\n\n    def test_about_object_methods(self):\n        \"\"\"\n        \ud30c\uc774\uc36c\uc5d0\uc11c `dir()` \ud568\uc218\ub294 \ud2b9\uc815 \uac1d\uccb4\uc758 \uba54\uc18c\ub4dc\ub4e4\uc744 \ud30c\uc545\ud560 \ub54c \uc720\uc6a9\ud569\ub2c8\ub2e4.\n    \n        \uc544\ub798 \ucf54\ub4dc\ucc98\ub7fc \ud574\ub2f9 \ud568\uc218\uc5d0 \uc778\uc218\ub97c \ub118\uaca8\uc918\ub3c4 \ub418\uc9c0\ub9cc \uc548 \ub118\uaca8\uc918\ub3c4 \uc2e4\ud589\uc740\n        \ub429\ub2c8\ub2e4.\n    \n        \uadf8\ub0e5 \uc2e4\ud589\ud560 \ub54c\uc5d0\ub294 \uc5b4\ub5a4 \uacb0\uacfc\uac00 \ubcf4\uc774\ub098\uc694?\n        \"\"\"\n        new_car=self.Car()\n>       assert \"\ube48\uce78\uc744 \ucc44\uc6cc\uc8fc\uc138\uc694\" == len(dir(new_car))\nE       AssertionError: assert '\ube48\uce78\uc744 \ucc44\uc6cc\uc8fc\uc138\uc694' == 26\nE         +'\ube48\uce78\uc744 \ucc44\uc6cc\uc8fc\uc138\uc694'\nE         -26\n\nsrc\\Part_2.py:364: AssertionError"}, "teardown": {"duration": 0.0002826000000000217, "outcome": "passed"}}, {"nodeid": "tests/Part_2/Part_2.py::PythonClassAttributes::test_about_objects", "lineno": 329, "outcome": "failed", "keywords": ["PythonClassAttributes", "Part_2.py", "ds-sa-pyfriend", "test_about_objects", "tests/Part_2/__init__.py"], "setup": {"duration": 0.00027199999999993896, "outcome": "passed"}, "call": {"duration": 0.00032569999999998434, "outcome": "failed", "crash": {"path": "C:\\Users\\jeonghun\\Section3\\ds-sa-pyfriend\\src\\Part_2.py", "lineno": 337, "message": "AssertionError: assert '\ube48\uce78\uc744 \ucc44\uc6cc\uc8fc\uc138\uc694' is True\n +  where True = isinstance(<src.Part_2.PythonClassAttributes.Car object at 0x000001B9F7A890A0>, object)"}, "traceback": [{"path": "src\\Part_2.py", "lineno": 337, "message": "AssertionError"}], "longrepr": "self = <src.Part_2.PythonClassAttributes testMethod=test_about_objects>\n\n    def test_about_objects(self):\n        \"\"\"\n        \ud074\ub798\uc2a4\ub294 \uadf8\ub807\ub2e4\uba74 \uc5b4\ub514\uc11c\ubd80\ud130 \uc0dd\uc131\uc774 \ub420\uae4c\uc694?\n    \n        \ud30c\uc774\uc36c\uc5d0\uc11c object \ub294 \uc5b4\ub5a4 \ud074\ub798\uc2a4\uc778\uac00\uc694?\n        \"\"\"\n        new_car = self.Car()\n>       assert \"\ube48\uce78\uc744 \ucc44\uc6cc\uc8fc\uc138\uc694\" is isinstance(new_car, object)\nE       AssertionError: assert '\ube48\uce78\uc744 \ucc44\uc6cc\uc8fc\uc138\uc694' is True\nE        +  where True = isinstance(<src.Part_2.PythonClassAttributes.Car object at 0x000001B9F7A890A0>, object)\n\nsrc\\Part_2.py:337: AssertionError"}, "teardown": {"duration": 0.0005279999999999729, "outcome": "passed"}}, {"nodeid": "tests/Part_2/Part_2.py::PythonInheritance::test_about_behavior_inheritance", "lineno": 440, "outcome": "failed", "keywords": ["Part_2.py", "test_about_behavior_inheritance", "ds-sa-pyfriend", "PythonInheritance", "tests/Part_2/__init__.py"], "setup": {"duration": 0.00048290000000006383, "outcome": "passed"}, "call": {"duration": 0.0004448999999999703, "outcome": "failed", "crash": {"path": "C:\\Users\\jeonghun\\Section3\\ds-sa-pyfriend\\src\\Part_2.py", "lineno": 443, "message": "AssertionError: assert '\ube48\uce78\uc744 \ucc44\uc6cc\uc8fc\uc138\uc694' == 'Optimoose'\n  - Optimoose\n  + \ube48\uce78\uc744 \ucc44\uc6cc\uc8fc\uc138\uc694"}, "traceback": [{"path": "src\\Part_2.py", "lineno": 443, "message": "AssertionError"}], "longrepr": "self = <src.Part_2.PythonInheritance testMethod=test_about_behavior_inheritance>\n\n    def test_about_behavior_inheritance(self):\n        new_truck = self.Truck(\"Optimoose\")\n>       assert \"\ube48\uce78\uc744 \ucc44\uc6cc\uc8fc\uc138\uc694\" == new_truck.name\nE       AssertionError: assert '\ube48\uce78\uc744 \ucc44\uc6cc\uc8fc\uc138\uc694' == 'Optimoose'\nE         - Optimoose\nE         + \ube48\uce78\uc744 \ucc44\uc6cc\uc8fc\uc138\uc694\n\nsrc\\Part_2.py:443: AssertionError"}, "teardown": {"duration": 0.00029409999999996383, "outcome": "passed"}}, {"nodeid": "tests/Part_2/Part_2.py::PythonInheritance::test_about_explicit_init_call", "lineno": 524, "outcome": "failed", "keywords": ["Part_2.py", "ds-sa-pyfriend", "PythonInheritance", "test_about_explicit_init_call", "tests/Part_2/__init__.py"], "setup": {"duration": 0.0003227000000000091, "outcome": "passed"}, "call": {"duration": 0.00040839999999997545, "outcome": "failed", "crash": {"path": "C:\\Users\\jeonghun\\Section3\\ds-sa-pyfriend\\src\\Part_2.py", "lineno": 532, "message": "AssertionError: assert '\ube48\uce78\uc744 \ucc44\uc6cc\uc8fc\uc138\uc694' == 'Icecube'\n  - Icecube\n  + \ube48\uce78\uc744 \ucc44\uc6cc\uc8fc\uc138\uc694"}, "traceback": [{"path": "src\\Part_2.py", "lineno": 532, "message": "AssertionError"}], "longrepr": "self = <src.Part_2.PythonInheritance testMethod=test_about_explicit_init_call>\n\n    def test_about_explicit_init_call(self):\n        \"\"\"\n        subclass \uc5d0\uc11c `super` \ud568\uc218\ub97c \ud638\ucd9c\ud55c\ub2e4\uace0 \ud558\uba74 \ub2ec\ub77c\uc9c8\uae4c\uc694?\n    \n        superclass \uc758 \uc0dd\uc131\uc790 \ud568\uc218\ub97c \uc0ac\uc6a9\ud558\uba74 \ubb38\uc81c\uac00 \uc0ac\ub77c\uc9c0\uc9c0 \uc54a\uc2b5\ub2c8\ub2e4.\n        \"\"\"\n        new_coldwheels = self.Coldwheels(\"Icecube\")\n>       assert \"\ube48\uce78\uc744 \ucc44\uc6cc\uc8fc\uc138\uc694\" == new_coldwheels.name\nE       AssertionError: assert '\ube48\uce78\uc744 \ucc44\uc6cc\uc8fc\uc138\uc694' == 'Icecube'\nE         - Icecube\nE         + \ube48\uce78\uc744 \ucc44\uc6cc\uc8fc\uc138\uc694\n\nsrc\\Part_2.py:532: AssertionError"}, "teardown": {"duration": 0.0002915000000000001, "outcome": "passed"}}, {"nodeid": "tests/Part_2/Part_2.py::PythonInheritance::test_about_init_is_not_automatic", "lineno": 506, "outcome": "failed", "keywords": ["Part_2.py", "ds-sa-pyfriend", "PythonInheritance", "test_about_init_is_not_automatic", "tests/Part_2/__init__.py"], "setup": {"duration": 0.000299200000000055, "outcome": "passed"}, "call": {"duration": 0.00027239999999995046, "outcome": "failed", "crash": {"path": "C:\\Users\\jeonghun\\Section3\\ds-sa-pyfriend\\src\\Part_2.py", "lineno": 522, "message": "TypeError: assertRaises() arg 1 must be an exception type or tuple of exception types"}, "traceback": [{"path": "src\\Part_2.py", "lineno": 522, "message": "TypeError"}], "longrepr": "self = <src.Part_2.PythonInheritance testMethod=test_about_init_is_not_automatic>\n\n    def test_about_init_is_not_automatic(self):\n        \"\"\"\n        \ud074\ub798\uc2a4\ub97c \ub2e4\ub8f0 \ub54c \uc0dd\uc131\uc790 \ud568\uc218\uac00 \ubc1b\ub294 \ud30c\ub77c\ubbf8\ud130 \uac12\ub4e4\uc774 \uc800\uc808\ub85c \ud074\ub798\uc2a4\n        \uc18d\uc131\uc73c\ub85c \ubcc0\ud558\uc9c0 \uc54a\uc2b5\ub2c8\ub2e4.\n    \n        \uc9c1\uc811 \uc9c0\uc815\uc744 \ud574\uc918\uc57c \ud569\ub2c8\ub2e4.\n    \n        \uc704 \ucf54\ub4dc\uc5d0\uc11c\ub294 `CoolCar` \uc774\ub098 `Coldwheels` \ud074\ub798\uc2a4\uc5d0\uc11c\ub294 \ub530\ub85c `name` \uc774\ub77c\ub294\n        \ud30c\ub77c\ubbf8\ud130\uc5d0 \ub300\ud55c \uc870\uce58\ub97c \ud558\uc9c0 \uc54a\uace0 \uc788\uc2b5\ub2c8\ub2e4. \uc774\ub7ec\ud55c \uc0c1\ud669\uc5d0\uc11c \uc778\uc2a4\ud134\uc2a4\ub97c\n        \uc0dd\uc131\ud558\uac8c \ub418\uba74 \uacfc\uc5f0 `name` \uc5d0 \uc811\uadfc\ud560 \uc218 \uc788\uc744\uae4c\uc694?\n    \n        \ub610\ud55c \uc5c6\ub294 \uc18d\uc131\uc744 \uc811\uadfc\ud558\uac8c \ub418\uba74 \uc5b4\ub5a4 \uc624\ub958\uac00 \ub098\ub294\uc9c0 \uc608\uc678 \ud074\ub798\uc2a4\ub97c\n        \uc801\uc5b4\uc8fc\uc138\uc694!\n        \"\"\"\n        new_coolcar = self.CoolCar(\"Ice Car\")\n>       with self.assertRaises(\"\uc608\uc678 \ud074\ub798\uc2a4\ub97c \uc785\ub825\ud574\uc8fc\uc138\uc694\"):\nE       TypeError: assertRaises() arg 1 must be an exception type or tuple of exception types\n\nsrc\\Part_2.py:522: TypeError"}, "teardown": {"duration": 0.0005370999999999571, "outcome": "passed"}}, {"nodeid": "tests/Part_2/Part_2.py::PythonInheritance::test_about_python3_object_class", "lineno": 437, "outcome": "failed", "keywords": ["test_about_python3_object_class", "Part_2.py", "ds-sa-pyfriend", "PythonInheritance", "tests/Part_2/__init__.py"], "setup": {"duration": 0.00040680000000004046, "outcome": "passed"}, "call": {"duration": 0.0005709000000000408, "outcome": "failed", "crash": {"path": "C:\\Users\\jeonghun\\Section3\\ds-sa-pyfriend\\src\\Part_2.py", "lineno": 439, "message": "AssertionError: assert '\ube48\uce78\uc744 \ucc44\uc6cc\uc8fc\uc138\uc694' is True\n +  where True = issubclass(<class 'src.Part_2.PythonInheritance.Truck'>, object)\n +    where <class 'src.Part_2.PythonInheritance.Truck'> = <src.Part_2.PythonInheritance testMethod=test_about_python3_object_class>.Truck"}, "traceback": [{"path": "src\\Part_2.py", "lineno": 439, "message": "AssertionError"}], "longrepr": "self = <src.Part_2.PythonInheritance testMethod=test_about_python3_object_class>\n\n    def test_about_python3_object_class(self):\n>       assert \"\ube48\uce78\uc744 \ucc44\uc6cc\uc8fc\uc138\uc694\" is (issubclass(self.Truck, object))\nE       AssertionError: assert '\ube48\uce78\uc744 \ucc44\uc6cc\uc8fc\uc138\uc694' is True\nE        +  where True = issubclass(<class 'src.Part_2.PythonInheritance.Truck'>, object)\nE        +    where <class 'src.Part_2.PythonInheritance.Truck'> = <src.Part_2.PythonInheritance testMethod=test_about_python3_object_class>.Truck\n\nsrc\\Part_2.py:439: AssertionError"}, "teardown": {"duration": 0.00034080000000002997, "outcome": "passed"}}, {"nodeid": "tests/Part_2/Part_2.py::PythonInheritance::test_about_subclass_ancestors", "lineno": 425, "outcome": "failed", "keywords": ["test_about_subclass_ancestors", "Part_2.py", "ds-sa-pyfriend", "PythonInheritance", "tests/Part_2/__init__.py"], "setup": {"duration": 0.0003845999999999572, "outcome": "passed"}, "call": {"duration": 0.0004307000000000061, "outcome": "failed", "crash": {"path": "C:\\Users\\jeonghun\\Section3\\ds-sa-pyfriend\\src\\Part_2.py", "lineno": 436, "message": "AssertionError: assert '\ube48\uce78\uc744 \ucc44\uc6cc\uc8fc\uc138\uc694' is True\n +  where True = issubclass(<class 'src.Part_2.PythonInheritance.Truck'>, <class 'src.Part_2.PythonInheritance.Car'>)\n +    where <class 'src.Part_2.PythonInheritance.Truck'> = <src.Part_2.PythonInheritance testMethod=test_about_subclass_ancestors>.Truck\n +    and   <class 'src.Part_2.PythonInheritance.Car'> = <src.Part_2.PythonInheritance testMethod=test_about_subclass_ancestors>.Car"}, "traceback": [{"path": "src\\Part_2.py", "lineno": 436, "message": "AssertionError"}], "longrepr": "self = <src.Part_2.PythonInheritance testMethod=test_about_subclass_ancestors>\n\n    def test_about_subclass_ancestors(self):\n        \"\"\"\n        `issubclass` \ud568\uc218\uc5d0 \ub300\ud574\uc11c \ub354 \uc0b4\ud3b4\ubcf4\uaca0\uc2b5\ub2c8\ub2e4.\n    \n        \uc790\uc2dd \ud074\ub798\uc2a4\ub294 subclass \ub77c\uace0\ub3c4 \ud569\ub2c8\ub2e4. \uadf8\ub9ac\uace0 \ubd80\ubaa8 \ud074\ub798\uc2a4\ub294 superclass\n        \ub77c\uace0\ub3c4 \ud558\uc8e0.\n    \n        \uc774\ub7ec\ud55c \uad00\uacc4\uac00 \uc788\uae30 \ub54c\ubb38\uc5d0 \ud574\ub2f9 \ud568\uc218\ub85c \ud074\ub798\uc2a4\ub4e4 \uac04\uc5d0 \uad00\uacc4\ub97c \ud30c\uc545\ud560 \uc218\n        \uc788\uc2b5\ub2c8\ub2e4.\n        \"\"\"\n>       assert \"\ube48\uce78\uc744 \ucc44\uc6cc\uc8fc\uc138\uc694\" is (issubclass(self.Truck, self.Car))\nE       AssertionError: assert '\ube48\uce78\uc744 \ucc44\uc6cc\uc8fc\uc138\uc694' is True\nE        +  where True = issubclass(<class 'src.Part_2.PythonInheritance.Truck'>, <class 'src.Part_2.PythonInheritance.Car'>)\nE        +    where <class 'src.Part_2.PythonInheritance.Truck'> = <src.Part_2.PythonInheritance testMethod=test_about_subclass_ancestors>.Truck\nE        +    and   <class 'src.Part_2.PythonInheritance.Car'> = <src.Part_2.PythonInheritance testMethod=test_about_subclass_ancestors>.Car\n\nsrc\\Part_2.py:436: AssertionError"}, "teardown": {"duration": 0.00036610000000003584, "outcome": "passed"}}, {"nodeid": "tests/Part_2/Part_2.py::PythonInheritance::test_about_subclass_behavior_modification", "lineno": 457, "outcome": "failed", "keywords": ["test_about_subclass_behavior_modification", "Part_2.py", "ds-sa-pyfriend", "PythonInheritance", "tests/Part_2/__init__.py"], "setup": {"duration": 0.00031549999999991307, "outcome": "passed"}, "call": {"duration": 0.0004154000000000657, "outcome": "failed", "crash": {"path": "C:\\Users\\jeonghun\\Section3\\ds-sa-pyfriend\\src\\Part_2.py", "lineno": 466, "message": "AssertionError: assert '\ube48\uce78\uc744 \ucc44\uc6cc\uc8fc\uc138\uc694' == 'beep beep'\n  - beep beep\n  + \ube48\uce78\uc744 \ucc44\uc6cc\uc8fc\uc138\uc694"}, "traceback": [{"path": "src\\Part_2.py", "lineno": 466, "message": "AssertionError"}], "longrepr": "self = <src.Part_2.PythonInheritance testMethod=test_about_subclass_behavior_modification>\n\n    def test_about_subclass_behavior_modification(self):\n        \"\"\"\n        \uae30\uc874\uc5d0 superclass \uc5d0 \uc815\uc758\ub41c \uba54\uc18c\ub4dc\ub97c subclass \uc5d0\uc11c \ub2e4\uc2dc \uc7ac\uc815\uc758\ub97c \ud558\uac8c\n        \ub418\uba74 \uc5b4\ub5bb\uac8c \ub420\uae4c\uc694?\n    \n        \uc5b4\ub5a4 \uacb0\uacfc\uac00 \uc788\uc744\uc9c0 \uc9c1\uc811 \ud655\uc778\ud574\ubcf4\uc2dc\uace0 \ud14c\uc2a4\ud2b8\ub97c \ud1b5\uacfc\ud558\uc138\uc694!\n        \"\"\"\n        new_truck = self.Truck(\"Optimoose\")\n>       assert \"\ube48\uce78\uc744 \ucc44\uc6cc\uc8fc\uc138\uc694\" == new_truck.honk()\nE       AssertionError: assert '\ube48\uce78\uc744 \ucc44\uc6cc\uc8fc\uc138\uc694' == 'beep beep'\nE         - beep beep\nE         + \ube48\uce78\uc744 \ucc44\uc6cc\uc8fc\uc138\uc694\n\nsrc\\Part_2.py:466: AssertionError"}, "teardown": {"duration": 0.0003914000000000417, "outcome": "passed"}}, {"nodeid": "tests/Part_2/Part_2.py::PythonInheritance::test_about_subclass_new_behaviors", "lineno": 444, "outcome": "failed", "keywords": ["test_about_subclass_new_behaviors", "Part_2.py", "ds-sa-pyfriend", "PythonInheritance", "tests/Part_2/__init__.py"], "setup": {"duration": 0.00040450000000002984, "outcome": "passed"}, "call": {"duration": 0.0006659999999999444, "outcome": "failed", "crash": {"path": "C:\\Users\\jeonghun\\Section3\\ds-sa-pyfriend\\src\\Part_2.py", "lineno": 452, "message": "AssertionError: assert '\ube48\uce78\uc744 \ucc44\uc6cc\uc8fc\uc138\uc694' == 'vroom'\n  - vroom\n  + \ube48\uce78\uc744 \ucc44\uc6cc\uc8fc\uc138\uc694"}, "traceback": [{"path": "src\\Part_2.py", "lineno": 452, "message": "AssertionError"}], "longrepr": "self = <src.Part_2.PythonInheritance testMethod=test_about_subclass_new_behaviors>\n\n    def test_about_subclass_new_behaviors(self):\n        \"\"\"\n        subclass \uc5d0\ub9cc \uc788\ub294 \uba54\uc18c\ub4dc\ub97c superclass \uc5d0\uc11c \uc2e4\ud589\ud558\uba74 \uc5b4\ub5bb\uac8c \ub420\uae4c\uc694?\n    \n        \uc5b4\ub5a4 \uc624\ub958\uac00 \ubc1c\uc0dd\ud558\ub294\uc9c0 \ud655\uc778\ud558\uace0 \ud574\ub2f9 \uc608\uc678 \ud074\ub798\uc2a4\ub97c \uc801\uc5b4\uc8fc\uc138\uc694!\n        \"\"\"\n        new_truck = self.Truck(\"Optimoose\")\n>       assert \"\ube48\uce78\uc744 \ucc44\uc6cc\uc8fc\uc138\uc694\" == new_truck.drive()\nE       AssertionError: assert '\ube48\uce78\uc744 \ucc44\uc6cc\uc8fc\uc138\uc694' == 'vroom'\nE         - vroom\nE         + \ube48\uce78\uc744 \ucc44\uc6cc\uc8fc\uc138\uc694\n\nsrc\\Part_2.py:452: AssertionError"}, "teardown": {"duration": 0.0004950999999999706, "outcome": "passed"}}, {"nodeid": "tests/Part_2/Part_2.py::PythonInheritance::test_about_super", "lineno": 477, "outcome": "failed", "keywords": ["test_about_super", "Part_2.py", "ds-sa-pyfriend", "PythonInheritance", "tests/Part_2/__init__.py"], "setup": {"duration": 0.0004495000000001026, "outcome": "passed"}, "call": {"duration": 0.0006335999999999009, "outcome": "failed", "crash": {"path": "C:\\Users\\jeonghun\\Section3\\ds-sa-pyfriend\\src\\Part_2.py", "lineno": 485, "message": "AssertionError: assert '\ube48\uce78\uc744 \ucc44\uc6cc\uc8fc\uc138\uc694' == 'beep, BEEP!'\n  - beep, BEEP!\n  + \ube48\uce78\uc744 \ucc44\uc6cc\uc8fc\uc138\uc694"}, "traceback": [{"path": "src\\Part_2.py", "lineno": 485, "message": "AssertionError"}], "longrepr": "self = <src.Part_2.PythonInheritance testMethod=test_about_super>\n\n    def test_about_super(self):\n        \"\"\"\n        \ub54c\ub85c\ub294 superclass \uc5d0 \uc788\ub294 \uba54\uc18c\ub4dc\ub97c \uc0ac\uc6a9\ud558\uace0 \uc2f6\uc744 \ub54c\uac00 \uc788\uc2b5\ub2c8\ub2e4.\n    \n        subclass \uc5d0\uc11c \ud574\ub2f9 \uba54\uc18c\ub4dc\ub97c \ub36e\uc5b4 \uc37c\ub354\ub77c\ub3c4 \ubd88\ub7ec\uc624\ub294 \ubc29\ubc95\uc774 \uc788\uc2b5\ub2c8\ub2e4.\n        \"\"\"\n        new_racecar = self.Racecar(\"F1\")\n>       assert \"\ube48\uce78\uc744 \ucc44\uc6cc\uc8fc\uc138\uc694\" == new_racecar.honk()\nE       AssertionError: assert '\ube48\uce78\uc744 \ucc44\uc6cc\uc8fc\uc138\uc694' == 'beep, BEEP!'\nE         - beep, BEEP!\nE         + \ube48\uce78\uc744 \ucc44\uc6cc\uc8fc\uc138\uc694\n\nsrc\\Part_2.py:485: AssertionError"}, "teardown": {"duration": 0.00032690000000001884, "outcome": "passed"}}, {"nodeid": "tests/Part_2/Part_2.py::PythonInheritance::test_super_works_across_methods", "lineno": 492, "outcome": "failed", "keywords": ["Part_2.py", "test_super_works_across_methods", "ds-sa-pyfriend", "PythonInheritance", "tests/Part_2/__init__.py"], "setup": {"duration": 0.0004381999999999442, "outcome": "passed"}, "call": {"duration": 0.0006002999999999981, "outcome": "failed", "crash": {"path": "C:\\Users\\jeonghun\\Section3\\ds-sa-pyfriend\\src\\Part_2.py", "lineno": 495, "message": "AssertionError: assert '\ube48\uce78\uc744 \ucc44\uc6cc\uc8fc\uc138\uc694' == 'beep, BEEP BEEP!'\n  - beep, BEEP BEEP!\n  + \ube48\uce78\uc744 \ucc44\uc6cc\uc8fc\uc138\uc694"}, "traceback": [{"path": "src\\Part_2.py", "lineno": 495, "message": "AssertionError"}], "longrepr": "self = <src.Part_2.PythonInheritance testMethod=test_super_works_across_methods>\n\n    def test_super_works_across_methods(self):\n        new_loudcar = self.LoudCar(\"TooLoud\")\n>       assert \"\ube48\uce78\uc744 \ucc44\uc6cc\uc8fc\uc138\uc694\" == new_loudcar.honk()\nE       AssertionError: assert '\ube48\uce78\uc744 \ucc44\uc6cc\uc8fc\uc138\uc694' == 'beep, BEEP BEEP!'\nE         - beep, BEEP BEEP!\nE         + \ube48\uce78\uc744 \ucc44\uc6cc\uc8fc\uc138\uc694\n\nsrc\\Part_2.py:495: AssertionError"}, "teardown": {"duration": 0.0007030000000000092, "outcome": "passed"}}, {"nodeid": "tests/Part_2/Part_2.py::PythonExceptions::test_about_else_clause", "lineno": 613, "outcome": "failed", "keywords": ["Part_2.py", "ds-sa-pyfriend", "PythonExceptions", "test_about_else_clause", "tests/Part_2/__init__.py"], "setup": {"duration": 0.000593899999999925, "outcome": "passed"}, "call": {"duration": 0.0006032000000000259, "outcome": "failed", "crash": {"path": "C:\\Users\\jeonghun\\Section3\\ds-sa-pyfriend\\src\\Part_2.py", "lineno": 631, "message": "AssertionError: assert '\ube48\uce78\uc744 \ucc44\uc6cc\uc8fc\uc138\uc694' == 'else clause'\n  - else clause\n  + \ube48\uce78\uc744 \ucc44\uc6cc\uc8fc\uc138\uc694"}, "traceback": [{"path": "src\\Part_2.py", "lineno": 631, "message": "AssertionError"}], "longrepr": "self = <src.Part_2.PythonExceptions testMethod=test_about_else_clause>\n\n    def test_about_else_clause(self):\n        \"\"\"\n        try... except \ub294 \uc0ac\uc2e4 if \uc870\uac74\ubb38\ucc98\ub7fc else \ub77c\ub294 \uad6c\ubb38\ub3c4 \uc788\uc2b5\ub2c8\ub2e4.\n    \n        \uc989, try... except... else \ub3c4 \uc2e4\ud589\ud560 \uc218\uac00 \uc788\uc8e0.\n    \n        \ub9c8\uce58 if... elif... else \uc640\ub3c4 \ube44\uc2b7\ud569\ub2c8\ub2e4.\n        \"\"\"\n        result=None\n        try:\n            pass\n        except RuntimeError:\n            result='exception clause'\n            pass\n        else:\n            result='else clause'\n    \n>       assert \"\ube48\uce78\uc744 \ucc44\uc6cc\uc8fc\uc138\uc694\" == result\nE       AssertionError: assert '\ube48\uce78\uc744 \ucc44\uc6cc\uc8fc\uc138\uc694' == 'else clause'\nE         - else clause\nE         + \ube48\uce78\uc744 \ucc44\uc6cc\uc8fc\uc138\uc694\n\nsrc\\Part_2.py:631: AssertionError"}, "teardown": {"duration": 0.0004722000000000337, "outcome": "passed"}}, {"nodeid": "tests/Part_2/Part_2.py::PythonExceptions::test_about_exception_inheritance", "lineno": 551, "outcome": "failed", "keywords": ["test_about_exception_inheritance", "Part_2.py", "ds-sa-pyfriend", "PythonExceptions", "tests/Part_2/__init__.py"], "setup": {"duration": 0.0005995000000000861, "outcome": "passed"}, "call": {"duration": 0.0005102999999999636, "outcome": "failed", "crash": {"path": "C:\\Users\\jeonghun\\Section3\\ds-sa-pyfriend\\src\\Part_2.py", "lineno": 562, "message": "AssertionError: assert '\ube48\uce78\uc744 \ucc44\uc6cc\uc8fc\uc138\uc694' == 'RuntimeError'\n  - RuntimeError\n  + \ube48\uce78\uc744 \ucc44\uc6cc\uc8fc\uc138\uc694"}, "traceback": [{"path": "src\\Part_2.py", "lineno": 562, "message": "AssertionError"}], "longrepr": "self = <src.Part_2.PythonExceptions testMethod=test_about_exception_inheritance>\n\n    def test_about_exception_inheritance(self):\n        \"\"\"\n        \uc5ec\uae30\uc5d0\uc11c \ub098\uc624\ub294 `mro` \uc5d0 \ub300\ud574\uc11c\ub294 \uc790\uc138\ud788 \uc544\uc2e4 \ud544\uc694\ub294 \uc5c6\uc2b5\ub2c8\ub2e4.\n    \n        \ub2e4\ub9cc \ud574\ub2f9 \ud14c\uc2a4\ud2b8\ub97c \ud1b5\uacfc\ud558\uba74\uc11c \uc5b4\ub5a4 \uac83\ub4e4\uc774 \ub098\uc624\ub294\uc9c0 \uc0b4\ud3b4\ubcf4\uc2dc\uba74 \ub420 \uac83\n        \uac19\uc2b5\ub2c8\ub2e4.\n    \n        \uc9c1\uc811 \ud30c\uc774\uc36c\uc73c\ub85c \ud655\uc778\ud574 \ubcf4\uc2dc\uba74\uc11c \ud14c\uc2a4\ud2b8\ub97c \ud1b5\uacfc\ud574\uc8fc\uc138\uc694\n        \"\"\"\n        mro = self.CustomError.mro()\n>       assert \"\ube48\uce78\uc744 \ucc44\uc6cc\uc8fc\uc138\uc694\" == mro[1].__name__\nE       AssertionError: assert '\ube48\uce78\uc744 \ucc44\uc6cc\uc8fc\uc138\uc694' == 'RuntimeError'\nE         - RuntimeError\nE         + \ube48\uce78\uc744 \ucc44\uc6cc\uc8fc\uc138\uc694\n\nsrc\\Part_2.py:562: AssertionError"}, "teardown": {"duration": 0.0003163000000000471, "outcome": "passed"}}, {"nodeid": "tests/Part_2/Part_2.py::PythonExceptions::test_about_finally_clause", "lineno": 632, "outcome": "failed", "keywords": ["test_about_finally_clause", "Part_2.py", "ds-sa-pyfriend", "PythonExceptions", "tests/Part_2/__init__.py"], "setup": {"duration": 0.0003269999999999662, "outcome": "passed"}, "call": {"duration": 0.0006501999999999342, "outcome": "failed", "crash": {"path": "C:\\Users\\jeonghun\\Section3\\ds-sa-pyfriend\\src\\Part_2.py", "lineno": 650, "message": "AssertionError: assert '\ube48\uce78\uc744 \ucc44\uc6cc\uc8fc\uc138\uc694' == 'always run'\n  - always run\n  + \ube48\uce78\uc744 \ucc44\uc6cc\uc8fc\uc138\uc694"}, "traceback": [{"path": "src\\Part_2.py", "lineno": 650, "message": "AssertionError"}], "longrepr": "self = <src.Part_2.PythonExceptions testMethod=test_about_finally_clause>\n\n    def test_about_finally_clause(self):\n        \"\"\"\n        finally \ub294 else \uc640\ub294 \ub610 \ub2e4\ub985\ub2c8\ub2e4.\n    \n        \ucd5c\uc885\uc801\uc73c\ub85c \uc2e4\ud589\uc774 \ub418\uae30 \ub54c\ubb38\uc774\uc8e0. \uc989, \uc5b4\ub5a0\ud55c \uacbd\uc6b0\uc5d0\ub3c4 \uc2e4\ud589\uc774 \ub418\ub294 \ucf54\ub4dc\ub97c\n        \ub2f4\uc744 \uc218 \uc788\ub294 \uacf3\uc785\ub2c8\ub2e4.\n        \"\"\"\n        result=None\n        try:\n            result = 'new result'\n            self.fail(\"Oops\")\n        except:\n            result = 'other result'\n            pass\n        finally:\n            result='always run'\n    \n>       assert \"\ube48\uce78\uc744 \ucc44\uc6cc\uc8fc\uc138\uc694\" == result\nE       AssertionError: assert '\ube48\uce78\uc744 \ucc44\uc6cc\uc8fc\uc138\uc694' == 'always run'\nE         - always run\nE         + \ube48\uce78\uc744 \ucc44\uc6cc\uc8fc\uc138\uc694\n\nsrc\\Part_2.py:650: AssertionError"}, "teardown": {"duration": 0.0003718999999999806, "outcome": "passed"}}, {"nodeid": "tests/Part_2/Part_2.py::PythonExceptions::test_about_raising_specific_error", "lineno": 594, "outcome": "failed", "keywords": ["Part_2.py", "test_about_raising_specific_error", "ds-sa-pyfriend", "PythonExceptions", "tests/Part_2/__init__.py"], "setup": {"duration": 0.0004978000000002147, "outcome": "passed"}, "call": {"duration": 0.0005287000000000486, "outcome": "failed", "crash": {"path": "C:\\Users\\jeonghun\\Section3\\ds-sa-pyfriend\\src\\Part_2.py", "lineno": 611, "message": "AssertionError: assert '\ube48\uce78\uc744 \ucc44\uc6cc\uc8fc\uc138\uc694' == 'exception handling'\n  - exception handling\n  + \ube48\uce78\uc744 \ucc44\uc6cc\uc8fc\uc138\uc694"}, "traceback": [{"path": "src\\Part_2.py", "lineno": 611, "message": "AssertionError"}], "longrepr": "self = <src.Part_2.PythonExceptions testMethod=test_about_raising_specific_error>\n\n    def test_about_raising_specific_error(self):\n        \"\"\"\n        \uc5d0\ub7ec\uac00 \uba3c\uc800 \ubc1c\uc0dd\ud558\ub294 \uacbd\uc6b0\ub3c4 \uc788\uc9c0\ub9cc \uc5b4\ub290 \uacbd\uc6b0\uc5d0\ub294 \ucf54\ub4dc\uc5d0\uc11c \uc5d0\ub7ec\ub97c\n        \ubc1c\uc0dd\uc2dc\ud0a4\ub294 \uacbd\uc6b0\ub3c4 \uc874\uc7ac\ud569\ub2c8\ub2e4.\n    \n        \uadf8\ub807\ub2e4\uba74 \uc774\ub7ec\ud55c \uc5d0\ub7ec, \uc608\uc678\ub97c \ubc1c\uc0dd\ud558\uae30 \uc704\ud55c `raise` \uc5d0 \ub300\ud574\uc11c\n        \uc0b4\ud3b4\ubcf4\uaca0\uc2b5\ub2c8\ub2e4.\n        \"\"\"\n        result=None\n    \n        try:\n            raise self.CustomError(\"Custom Message\")\n        except self.CustomError as e:\n            result='exception handling'\n            msg=e.args[0]\n    \n>       assert \"\ube48\uce78\uc744 \ucc44\uc6cc\uc8fc\uc138\uc694\" == result\nE       AssertionError: assert '\ube48\uce78\uc744 \ucc44\uc6cc\uc8fc\uc138\uc694' == 'exception handling'\nE         - exception handling\nE         + \ube48\uce78\uc744 \ucc44\uc6cc\uc8fc\uc138\uc694\n\nsrc\\Part_2.py:611: AssertionError"}, "teardown": {"duration": 0.0003987000000000851, "outcome": "passed"}}, {"nodeid": "tests/Part_2/Part_2.py::PythonExceptions::test_about_try_clause", "lineno": 565, "outcome": "failed", "keywords": ["Part_2.py", "test_about_try_clause", "ds-sa-pyfriend", "PythonExceptions", "tests/Part_2/__init__.py"], "setup": {"duration": 0.0003069999999998352, "outcome": "passed"}, "call": {"duration": 0.0006039000000002126, "outcome": "failed", "crash": {"path": "C:\\Users\\jeonghun\\Section3\\ds-sa-pyfriend\\src\\Part_2.py", "lineno": 588, "message": "AssertionError: assert '\ube48\uce78\uc744 \ucc44\uc6cc\uc8fc\uc138\uc694' == 'exception handled'\n  - exception handled\n  + \ube48\uce78\uc744 \ucc44\uc6cc\uc8fc\uc138\uc694"}, "traceback": [{"path": "src\\Part_2.py", "lineno": 588, "message": "AssertionError"}], "longrepr": "self = <src.Part_2.PythonExceptions testMethod=test_about_try_clause>\n\n    def test_about_try_clause(self):\n        \"\"\"\n        try... except \ub294 \ud30c\uc774\uc36c\uc5d0\uc11c \uc608\uc678\ucc98\ub9ac\ud560 \ub54c \uc0ac\uc6a9\ub418\ub294 \ub9e4\uc6b0 \uc911\uc694\ud55c \uae30\ub2a5 \uc911\n        \ud558\ub098\uc785\ub2c8\ub2e4.\n    \n        \uc5d0\ub7ec\ub97c \ud56d\uc0c1 \ud53c\ud558\uace0 \uc740\ubc00\ud558\ub294 \uac83\uc774 \ubc18\ub4dc\uc2dc \uc88b\uc9c0\ub294 \uc54a\uc2b5\ub2c8\ub2e4.\n    \n        \uc5b4\ub5a4 \uc5d0\ub7ec\uac00 \ubc1c\uc0dd\ud588\ub294\uc9c0\uc5d0 \ub530\ub77c \ud574\uacb0\ucc45\uc774 \ub2ec\ub77c\uc9c0\uace0 \uc5b4\ub5bb\uac8c \ucf54\ub4dc\ub97c \uc9c4\ud589\ud574\uc57c\n        \ud558\ub294\uc9c0 \uc54c\ub824\uc904 \uc218 \uc788\uae30\ub3c4 \ud569\ub2c8\ub2e4.\n    \n        \uc55e\uc73c\ub85c \uc5ec\ub7ec\ubd84\ub3c4 \uc5d0\ub7ec \ud578\ub4e4\ub9c1\uc744 \ud558\uc2e4 \ub54c try... except \ub97c \uc0ac\uc6a9\ud558\ub824\uba74\n        \ucda9\ubd84\ud788 \ub2e4\ub8f0 \uc218 \uc788\ub294 \uc5f0\uc2b5\uc774 \ud544\uc694\ud569\ub2c8\ub2e4.\n        \"\"\"\n        result=None\n    \n        try:\n            self.fail(\"Oops\")\n        except Exception as e:\n            result='exception handled'\n    \n            e2=e\n    \n>       assert \"\ube48\uce78\uc744 \ucc44\uc6cc\uc8fc\uc138\uc694\" == result\nE       AssertionError: assert '\ube48\uce78\uc744 \ucc44\uc6cc\uc8fc\uc138\uc694' == 'exception handled'\nE         - exception handled\nE         + \ube48\uce78\uc744 \ucc44\uc6cc\uc8fc\uc138\uc694\n\nsrc\\Part_2.py:588: AssertionError"}, "teardown": {"duration": 0.0009030999999999345, "outcome": "passed", "stdout": "\n        -------------------------------------\n        Tearing down...\n        -------------------------------------\n        \n"}}]}